<?xml version="1.0" encoding="UTF-8"?>
<testsuite name="ru.anatoli.addressbook.tests.GroupModificationTests" tests="2" skipped="0" failures="0" errors="0" timestamp="2017-10-04T07:11:04" hostname="aanukevich2" time="15.038">
  <properties/>
  <testcase name="testGroupModification[0](ru.anatoli.addressbook.models.GroupData@7157718)" classname="ru.anatoli.addressbook.tests.GroupModificationTests" time="7.01"/>
  <testcase name="testGroupModificationWithoutSelection[0](ru.anatoli.addressbook.models.GroupData@7157718)" classname="ru.anatoli.addressbook.tests.GroupModificationTests" time="7.268"/>
  <system-out><![CDATA[Hibernate: select groupdata0_.group_id as group_id1_2_, groupdata0_.group_footer as group_fo2_2_, groupdata0_.group_header as group_he3_2_, groupdata0_.group_name as group_na4_2_ from group_list groupdata0_
Hibernate: select contacts0_.group_id as group_id2_0_0_, contacts0_.id as id1_0_0_, contactdat1_.id as id1_1_1_, contactdat1_.address as address2_1_1_, contactdat1_.aday as aday3_1_1_, contactdat1_.amonth as amonth4_1_1_, contactdat1_.ayear as ayear5_1_1_, contactdat1_.bday as bday6_1_1_, contactdat1_.bmonth as bmonth7_1_1_, contactdat1_.byear as byear8_1_1_, contactdat1_.company as company9_1_1_, contactdat1_.email as email10_1_1_, contactdat1_.email2 as email11_1_1_, contactdat1_.email3 as email12_1_1_, contactdat1_.fax as fax13_1_1_, contactdat1_.firstname as firstna14_1_1_, contactdat1_.home as home15_1_1_, contactdat1_.homepage as homepag16_1_1_, contactdat1_.lastname as lastnam17_1_1_, contactdat1_.middlename as middlen18_1_1_, contactdat1_.mobile as mobile19_1_1_, contactdat1_.nickname as nicknam20_1_1_, contactdat1_.photo as photo21_1_1_, contactdat1_.address2 as address22_1_1_, contactdat1_.notes as notes23_1_1_, contactdat1_.phone2 as phone24_1_1_, contactdat1_.title as title25_1_1_, contactdat1_.work as work26_1_1_ from address_in_groups contacts0_ inner join addressbook contactdat1_ on contacts0_.id=contactdat1_.id where contacts0_.group_id=?
Hibernate: select contacts0_.group_id as group_id2_0_0_, contacts0_.id as id1_0_0_, contactdat1_.id as id1_1_1_, contactdat1_.address as address2_1_1_, contactdat1_.aday as aday3_1_1_, contactdat1_.amonth as amonth4_1_1_, contactdat1_.ayear as ayear5_1_1_, contactdat1_.bday as bday6_1_1_, contactdat1_.bmonth as bmonth7_1_1_, contactdat1_.byear as byear8_1_1_, contactdat1_.company as company9_1_1_, contactdat1_.email as email10_1_1_, contactdat1_.email2 as email11_1_1_, contactdat1_.email3 as email12_1_1_, contactdat1_.fax as fax13_1_1_, contactdat1_.firstname as firstna14_1_1_, contactdat1_.home as home15_1_1_, contactdat1_.homepage as homepag16_1_1_, contactdat1_.lastname as lastnam17_1_1_, contactdat1_.middlename as middlen18_1_1_, contactdat1_.mobile as mobile19_1_1_, contactdat1_.nickname as nicknam20_1_1_, contactdat1_.photo as photo21_1_1_, contactdat1_.address2 as address22_1_1_, contactdat1_.notes as notes23_1_1_, contactdat1_.phone2 as phone24_1_1_, contactdat1_.title as title25_1_1_, contactdat1_.work as work26_1_1_ from address_in_groups contacts0_ inner join addressbook contactdat1_ on contacts0_.id=contactdat1_.id where contacts0_.group_id=?
Hibernate: select contacts0_.group_id as group_id2_0_0_, contacts0_.id as id1_0_0_, contactdat1_.id as id1_1_1_, contactdat1_.address as address2_1_1_, contactdat1_.aday as aday3_1_1_, contactdat1_.amonth as amonth4_1_1_, contactdat1_.ayear as ayear5_1_1_, contactdat1_.bday as bday6_1_1_, contactdat1_.bmonth as bmonth7_1_1_, contactdat1_.byear as byear8_1_1_, contactdat1_.company as company9_1_1_, contactdat1_.email as email10_1_1_, contactdat1_.email2 as email11_1_1_, contactdat1_.email3 as email12_1_1_, contactdat1_.fax as fax13_1_1_, contactdat1_.firstname as firstna14_1_1_, contactdat1_.home as home15_1_1_, contactdat1_.homepage as homepag16_1_1_, contactdat1_.lastname as lastnam17_1_1_, contactdat1_.middlename as middlen18_1_1_, contactdat1_.mobile as mobile19_1_1_, contactdat1_.nickname as nicknam20_1_1_, contactdat1_.photo as photo21_1_1_, contactdat1_.address2 as address22_1_1_, contactdat1_.notes as notes23_1_1_, contactdat1_.phone2 as phone24_1_1_, contactdat1_.title as title25_1_1_, contactdat1_.work as work26_1_1_ from address_in_groups contacts0_ inner join addressbook contactdat1_ on contacts0_.id=contactdat1_.id where contacts0_.group_id=?
Hibernate: select contacts0_.group_id as group_id2_0_0_, contacts0_.id as id1_0_0_, contactdat1_.id as id1_1_1_, contactdat1_.address as address2_1_1_, contactdat1_.aday as aday3_1_1_, contactdat1_.amonth as amonth4_1_1_, contactdat1_.ayear as ayear5_1_1_, contactdat1_.bday as bday6_1_1_, contactdat1_.bmonth as bmonth7_1_1_, contactdat1_.byear as byear8_1_1_, contactdat1_.company as company9_1_1_, contactdat1_.email as email10_1_1_, contactdat1_.email2 as email11_1_1_, contactdat1_.email3 as email12_1_1_, contactdat1_.fax as fax13_1_1_, contactdat1_.firstname as firstna14_1_1_, contactdat1_.home as home15_1_1_, contactdat1_.homepage as homepag16_1_1_, contactdat1_.lastname as lastnam17_1_1_, contactdat1_.middlename as middlen18_1_1_, contactdat1_.mobile as mobile19_1_1_, contactdat1_.nickname as nicknam20_1_1_, contactdat1_.photo as photo21_1_1_, contactdat1_.address2 as address22_1_1_, contactdat1_.notes as notes23_1_1_, contactdat1_.phone2 as phone24_1_1_, contactdat1_.title as title25_1_1_, contactdat1_.work as work26_1_1_ from address_in_groups contacts0_ inner join addressbook contactdat1_ on contacts0_.id=contactdat1_.id where contacts0_.group_id=?
Hibernate: select groups0_.id as id1_0_0_, groups0_.group_id as group_id2_0_0_, groupdata1_.group_id as group_id1_2_1_, groupdata1_.group_footer as group_fo2_2_1_, groupdata1_.group_header as group_he3_2_1_, groupdata1_.group_name as group_na4_2_1_ from address_in_groups groups0_ inner join group_list groupdata1_ on groups0_.group_id=groupdata1_.group_id where groups0_.id=?
Hibernate: select groups0_.id as id1_0_0_, groups0_.group_id as group_id2_0_0_, groupdata1_.group_id as group_id1_2_1_, groupdata1_.group_footer as group_fo2_2_1_, groupdata1_.group_header as group_he3_2_1_, groupdata1_.group_name as group_na4_2_1_ from address_in_groups groups0_ inner join group_list groupdata1_ on groups0_.group_id=groupdata1_.group_id where groups0_.id=?
Hibernate: select groupdata0_.group_id as group_id1_2_, groupdata0_.group_footer as group_fo2_2_, groupdata0_.group_header as group_he3_2_, groupdata0_.group_name as group_na4_2_ from group_list groupdata0_
Hibernate: select contacts0_.group_id as group_id2_0_0_, contacts0_.id as id1_0_0_, contactdat1_.id as id1_1_1_, contactdat1_.address as address2_1_1_, contactdat1_.aday as aday3_1_1_, contactdat1_.amonth as amonth4_1_1_, contactdat1_.ayear as ayear5_1_1_, contactdat1_.bday as bday6_1_1_, contactdat1_.bmonth as bmonth7_1_1_, contactdat1_.byear as byear8_1_1_, contactdat1_.company as company9_1_1_, contactdat1_.email as email10_1_1_, contactdat1_.email2 as email11_1_1_, contactdat1_.email3 as email12_1_1_, contactdat1_.fax as fax13_1_1_, contactdat1_.firstname as firstna14_1_1_, contactdat1_.home as home15_1_1_, contactdat1_.homepage as homepag16_1_1_, contactdat1_.lastname as lastnam17_1_1_, contactdat1_.middlename as middlen18_1_1_, contactdat1_.mobile as mobile19_1_1_, contactdat1_.nickname as nicknam20_1_1_, contactdat1_.photo as photo21_1_1_, contactdat1_.address2 as address22_1_1_, contactdat1_.notes as notes23_1_1_, contactdat1_.phone2 as phone24_1_1_, contactdat1_.title as title25_1_1_, contactdat1_.work as work26_1_1_ from address_in_groups contacts0_ inner join addressbook contactdat1_ on contacts0_.id=contactdat1_.id where contacts0_.group_id=?
Hibernate: select contacts0_.group_id as group_id2_0_0_, contacts0_.id as id1_0_0_, contactdat1_.id as id1_1_1_, contactdat1_.address as address2_1_1_, contactdat1_.aday as aday3_1_1_, contactdat1_.amonth as amonth4_1_1_, contactdat1_.ayear as ayear5_1_1_, contactdat1_.bday as bday6_1_1_, contactdat1_.bmonth as bmonth7_1_1_, contactdat1_.byear as byear8_1_1_, contactdat1_.company as company9_1_1_, contactdat1_.email as email10_1_1_, contactdat1_.email2 as email11_1_1_, contactdat1_.email3 as email12_1_1_, contactdat1_.fax as fax13_1_1_, contactdat1_.firstname as firstna14_1_1_, contactdat1_.home as home15_1_1_, contactdat1_.homepage as homepag16_1_1_, contactdat1_.lastname as lastnam17_1_1_, contactdat1_.middlename as middlen18_1_1_, contactdat1_.mobile as mobile19_1_1_, contactdat1_.nickname as nicknam20_1_1_, contactdat1_.photo as photo21_1_1_, contactdat1_.address2 as address22_1_1_, contactdat1_.notes as notes23_1_1_, contactdat1_.phone2 as phone24_1_1_, contactdat1_.title as title25_1_1_, contactdat1_.work as work26_1_1_ from address_in_groups contacts0_ inner join addressbook contactdat1_ on contacts0_.id=contactdat1_.id where contacts0_.group_id=?
Hibernate: select contacts0_.group_id as group_id2_0_0_, contacts0_.id as id1_0_0_, contactdat1_.id as id1_1_1_, contactdat1_.address as address2_1_1_, contactdat1_.aday as aday3_1_1_, contactdat1_.amonth as amonth4_1_1_, contactdat1_.ayear as ayear5_1_1_, contactdat1_.bday as bday6_1_1_, contactdat1_.bmonth as bmonth7_1_1_, contactdat1_.byear as byear8_1_1_, contactdat1_.company as company9_1_1_, contactdat1_.email as email10_1_1_, contactdat1_.email2 as email11_1_1_, contactdat1_.email3 as email12_1_1_, contactdat1_.fax as fax13_1_1_, contactdat1_.firstname as firstna14_1_1_, contactdat1_.home as home15_1_1_, contactdat1_.homepage as homepag16_1_1_, contactdat1_.lastname as lastnam17_1_1_, contactdat1_.middlename as middlen18_1_1_, contactdat1_.mobile as mobile19_1_1_, contactdat1_.nickname as nicknam20_1_1_, contactdat1_.photo as photo21_1_1_, contactdat1_.address2 as address22_1_1_, contactdat1_.notes as notes23_1_1_, contactdat1_.phone2 as phone24_1_1_, contactdat1_.title as title25_1_1_, contactdat1_.work as work26_1_1_ from address_in_groups contacts0_ inner join addressbook contactdat1_ on contacts0_.id=contactdat1_.id where contacts0_.group_id=?
Hibernate: select contacts0_.group_id as group_id2_0_0_, contacts0_.id as id1_0_0_, contactdat1_.id as id1_1_1_, contactdat1_.address as address2_1_1_, contactdat1_.aday as aday3_1_1_, contactdat1_.amonth as amonth4_1_1_, contactdat1_.ayear as ayear5_1_1_, contactdat1_.bday as bday6_1_1_, contactdat1_.bmonth as bmonth7_1_1_, contactdat1_.byear as byear8_1_1_, contactdat1_.company as company9_1_1_, contactdat1_.email as email10_1_1_, contactdat1_.email2 as email11_1_1_, contactdat1_.email3 as email12_1_1_, contactdat1_.fax as fax13_1_1_, contactdat1_.firstname as firstna14_1_1_, contactdat1_.home as home15_1_1_, contactdat1_.homepage as homepag16_1_1_, contactdat1_.lastname as lastnam17_1_1_, contactdat1_.middlename as middlen18_1_1_, contactdat1_.mobile as mobile19_1_1_, contactdat1_.nickname as nicknam20_1_1_, contactdat1_.photo as photo21_1_1_, contactdat1_.address2 as address22_1_1_, contactdat1_.notes as notes23_1_1_, contactdat1_.phone2 as phone24_1_1_, contactdat1_.title as title25_1_1_, contactdat1_.work as work26_1_1_ from address_in_groups contacts0_ inner join addressbook contactdat1_ on contacts0_.id=contactdat1_.id where contacts0_.group_id=?
Hibernate: select groups0_.id as id1_0_0_, groups0_.group_id as group_id2_0_0_, groupdata1_.group_id as group_id1_2_1_, groupdata1_.group_footer as group_fo2_2_1_, groupdata1_.group_header as group_he3_2_1_, groupdata1_.group_name as group_na4_2_1_ from address_in_groups groups0_ inner join group_list groupdata1_ on groups0_.group_id=groupdata1_.group_id where groups0_.id=?
Hibernate: select groups0_.id as id1_0_0_, groups0_.group_id as group_id2_0_0_, groupdata1_.group_id as group_id1_2_1_, groupdata1_.group_footer as group_fo2_2_1_, groupdata1_.group_header as group_he3_2_1_, groupdata1_.group_name as group_na4_2_1_ from address_in_groups groups0_ inner join group_list groupdata1_ on groups0_.group_id=groupdata1_.group_id where groups0_.id=?
Hibernate: select groupdata0_.group_id as group_id1_2_, groupdata0_.group_footer as group_fo2_2_, groupdata0_.group_header as group_he3_2_, groupdata0_.group_name as group_na4_2_ from group_list groupdata0_
Hibernate: select contacts0_.group_id as group_id2_0_0_, contacts0_.id as id1_0_0_, contactdat1_.id as id1_1_1_, contactdat1_.address as address2_1_1_, contactdat1_.aday as aday3_1_1_, contactdat1_.amonth as amonth4_1_1_, contactdat1_.ayear as ayear5_1_1_, contactdat1_.bday as bday6_1_1_, contactdat1_.bmonth as bmonth7_1_1_, contactdat1_.byear as byear8_1_1_, contactdat1_.company as company9_1_1_, contactdat1_.email as email10_1_1_, contactdat1_.email2 as email11_1_1_, contactdat1_.email3 as email12_1_1_, contactdat1_.fax as fax13_1_1_, contactdat1_.firstname as firstna14_1_1_, contactdat1_.home as home15_1_1_, contactdat1_.homepage as homepag16_1_1_, contactdat1_.lastname as lastnam17_1_1_, contactdat1_.middlename as middlen18_1_1_, contactdat1_.mobile as mobile19_1_1_, contactdat1_.nickname as nicknam20_1_1_, contactdat1_.photo as photo21_1_1_, contactdat1_.address2 as address22_1_1_, contactdat1_.notes as notes23_1_1_, contactdat1_.phone2 as phone24_1_1_, contactdat1_.title as title25_1_1_, contactdat1_.work as work26_1_1_ from address_in_groups contacts0_ inner join addressbook contactdat1_ on contacts0_.id=contactdat1_.id where contacts0_.group_id=?
Hibernate: select contacts0_.group_id as group_id2_0_0_, contacts0_.id as id1_0_0_, contactdat1_.id as id1_1_1_, contactdat1_.address as address2_1_1_, contactdat1_.aday as aday3_1_1_, contactdat1_.amonth as amonth4_1_1_, contactdat1_.ayear as ayear5_1_1_, contactdat1_.bday as bday6_1_1_, contactdat1_.bmonth as bmonth7_1_1_, contactdat1_.byear as byear8_1_1_, contactdat1_.company as company9_1_1_, contactdat1_.email as email10_1_1_, contactdat1_.email2 as email11_1_1_, contactdat1_.email3 as email12_1_1_, contactdat1_.fax as fax13_1_1_, contactdat1_.firstname as firstna14_1_1_, contactdat1_.home as home15_1_1_, contactdat1_.homepage as homepag16_1_1_, contactdat1_.lastname as lastnam17_1_1_, contactdat1_.middlename as middlen18_1_1_, contactdat1_.mobile as mobile19_1_1_, contactdat1_.nickname as nicknam20_1_1_, contactdat1_.photo as photo21_1_1_, contactdat1_.address2 as address22_1_1_, contactdat1_.notes as notes23_1_1_, contactdat1_.phone2 as phone24_1_1_, contactdat1_.title as title25_1_1_, contactdat1_.work as work26_1_1_ from address_in_groups contacts0_ inner join addressbook contactdat1_ on contacts0_.id=contactdat1_.id where contacts0_.group_id=?
Hibernate: select contacts0_.group_id as group_id2_0_0_, contacts0_.id as id1_0_0_, contactdat1_.id as id1_1_1_, contactdat1_.address as address2_1_1_, contactdat1_.aday as aday3_1_1_, contactdat1_.amonth as amonth4_1_1_, contactdat1_.ayear as ayear5_1_1_, contactdat1_.bday as bday6_1_1_, contactdat1_.bmonth as bmonth7_1_1_, contactdat1_.byear as byear8_1_1_, contactdat1_.company as company9_1_1_, contactdat1_.email as email10_1_1_, contactdat1_.email2 as email11_1_1_, contactdat1_.email3 as email12_1_1_, contactdat1_.fax as fax13_1_1_, contactdat1_.firstname as firstna14_1_1_, contactdat1_.home as home15_1_1_, contactdat1_.homepage as homepag16_1_1_, contactdat1_.lastname as lastnam17_1_1_, contactdat1_.middlename as middlen18_1_1_, contactdat1_.mobile as mobile19_1_1_, contactdat1_.nickname as nicknam20_1_1_, contactdat1_.photo as photo21_1_1_, contactdat1_.address2 as address22_1_1_, contactdat1_.notes as notes23_1_1_, contactdat1_.phone2 as phone24_1_1_, contactdat1_.title as title25_1_1_, contactdat1_.work as work26_1_1_ from address_in_groups contacts0_ inner join addressbook contactdat1_ on contacts0_.id=contactdat1_.id where contacts0_.group_id=?
Hibernate: select contacts0_.group_id as group_id2_0_0_, contacts0_.id as id1_0_0_, contactdat1_.id as id1_1_1_, contactdat1_.address as address2_1_1_, contactdat1_.aday as aday3_1_1_, contactdat1_.amonth as amonth4_1_1_, contactdat1_.ayear as ayear5_1_1_, contactdat1_.bday as bday6_1_1_, contactdat1_.bmonth as bmonth7_1_1_, contactdat1_.byear as byear8_1_1_, contactdat1_.company as company9_1_1_, contactdat1_.email as email10_1_1_, contactdat1_.email2 as email11_1_1_, contactdat1_.email3 as email12_1_1_, contactdat1_.fax as fax13_1_1_, contactdat1_.firstname as firstna14_1_1_, contactdat1_.home as home15_1_1_, contactdat1_.homepage as homepag16_1_1_, contactdat1_.lastname as lastnam17_1_1_, contactdat1_.middlename as middlen18_1_1_, contactdat1_.mobile as mobile19_1_1_, contactdat1_.nickname as nicknam20_1_1_, contactdat1_.photo as photo21_1_1_, contactdat1_.address2 as address22_1_1_, contactdat1_.notes as notes23_1_1_, contactdat1_.phone2 as phone24_1_1_, contactdat1_.title as title25_1_1_, contactdat1_.work as work26_1_1_ from address_in_groups contacts0_ inner join addressbook contactdat1_ on contacts0_.id=contactdat1_.id where contacts0_.group_id=?
Hibernate: select groups0_.id as id1_0_0_, groups0_.group_id as group_id2_0_0_, groupdata1_.group_id as group_id1_2_1_, groupdata1_.group_footer as group_fo2_2_1_, groupdata1_.group_header as group_he3_2_1_, groupdata1_.group_name as group_na4_2_1_ from address_in_groups groups0_ inner join group_list groupdata1_ on groups0_.group_id=groupdata1_.group_id where groups0_.id=?
Hibernate: select groups0_.id as id1_0_0_, groups0_.group_id as group_id2_0_0_, groupdata1_.group_id as group_id1_2_1_, groupdata1_.group_footer as group_fo2_2_1_, groupdata1_.group_header as group_he3_2_1_, groupdata1_.group_name as group_na4_2_1_ from address_in_groups groups0_ inner join group_list groupdata1_ on groups0_.group_id=groupdata1_.group_id where groups0_.id=?
Hibernate: select groupdata0_.group_id as group_id1_2_, groupdata0_.group_footer as group_fo2_2_, groupdata0_.group_header as group_he3_2_, groupdata0_.group_name as group_na4_2_ from group_list groupdata0_
Hibernate: select contacts0_.group_id as group_id2_0_0_, contacts0_.id as id1_0_0_, contactdat1_.id as id1_1_1_, contactdat1_.address as address2_1_1_, contactdat1_.aday as aday3_1_1_, contactdat1_.amonth as amonth4_1_1_, contactdat1_.ayear as ayear5_1_1_, contactdat1_.bday as bday6_1_1_, contactdat1_.bmonth as bmonth7_1_1_, contactdat1_.byear as byear8_1_1_, contactdat1_.company as company9_1_1_, contactdat1_.email as email10_1_1_, contactdat1_.email2 as email11_1_1_, contactdat1_.email3 as email12_1_1_, contactdat1_.fax as fax13_1_1_, contactdat1_.firstname as firstna14_1_1_, contactdat1_.home as home15_1_1_, contactdat1_.homepage as homepag16_1_1_, contactdat1_.lastname as lastnam17_1_1_, contactdat1_.middlename as middlen18_1_1_, contactdat1_.mobile as mobile19_1_1_, contactdat1_.nickname as nicknam20_1_1_, contactdat1_.photo as photo21_1_1_, contactdat1_.address2 as address22_1_1_, contactdat1_.notes as notes23_1_1_, contactdat1_.phone2 as phone24_1_1_, contactdat1_.title as title25_1_1_, contactdat1_.work as work26_1_1_ from address_in_groups contacts0_ inner join addressbook contactdat1_ on contacts0_.id=contactdat1_.id where contacts0_.group_id=?
Hibernate: select contacts0_.group_id as group_id2_0_0_, contacts0_.id as id1_0_0_, contactdat1_.id as id1_1_1_, contactdat1_.address as address2_1_1_, contactdat1_.aday as aday3_1_1_, contactdat1_.amonth as amonth4_1_1_, contactdat1_.ayear as ayear5_1_1_, contactdat1_.bday as bday6_1_1_, contactdat1_.bmonth as bmonth7_1_1_, contactdat1_.byear as byear8_1_1_, contactdat1_.company as company9_1_1_, contactdat1_.email as email10_1_1_, contactdat1_.email2 as email11_1_1_, contactdat1_.email3 as email12_1_1_, contactdat1_.fax as fax13_1_1_, contactdat1_.firstname as firstna14_1_1_, contactdat1_.home as home15_1_1_, contactdat1_.homepage as homepag16_1_1_, contactdat1_.lastname as lastnam17_1_1_, contactdat1_.middlename as middlen18_1_1_, contactdat1_.mobile as mobile19_1_1_, contactdat1_.nickname as nicknam20_1_1_, contactdat1_.photo as photo21_1_1_, contactdat1_.address2 as address22_1_1_, contactdat1_.notes as notes23_1_1_, contactdat1_.phone2 as phone24_1_1_, contactdat1_.title as title25_1_1_, contactdat1_.work as work26_1_1_ from address_in_groups contacts0_ inner join addressbook contactdat1_ on contacts0_.id=contactdat1_.id where contacts0_.group_id=?
Hibernate: select contacts0_.group_id as group_id2_0_0_, contacts0_.id as id1_0_0_, contactdat1_.id as id1_1_1_, contactdat1_.address as address2_1_1_, contactdat1_.aday as aday3_1_1_, contactdat1_.amonth as amonth4_1_1_, contactdat1_.ayear as ayear5_1_1_, contactdat1_.bday as bday6_1_1_, contactdat1_.bmonth as bmonth7_1_1_, contactdat1_.byear as byear8_1_1_, contactdat1_.company as company9_1_1_, contactdat1_.email as email10_1_1_, contactdat1_.email2 as email11_1_1_, contactdat1_.email3 as email12_1_1_, contactdat1_.fax as fax13_1_1_, contactdat1_.firstname as firstna14_1_1_, contactdat1_.home as home15_1_1_, contactdat1_.homepage as homepag16_1_1_, contactdat1_.lastname as lastnam17_1_1_, contactdat1_.middlename as middlen18_1_1_, contactdat1_.mobile as mobile19_1_1_, contactdat1_.nickname as nicknam20_1_1_, contactdat1_.photo as photo21_1_1_, contactdat1_.address2 as address22_1_1_, contactdat1_.notes as notes23_1_1_, contactdat1_.phone2 as phone24_1_1_, contactdat1_.title as title25_1_1_, contactdat1_.work as work26_1_1_ from address_in_groups contacts0_ inner join addressbook contactdat1_ on contacts0_.id=contactdat1_.id where contacts0_.group_id=?
Hibernate: select contacts0_.group_id as group_id2_0_0_, contacts0_.id as id1_0_0_, contactdat1_.id as id1_1_1_, contactdat1_.address as address2_1_1_, contactdat1_.aday as aday3_1_1_, contactdat1_.amonth as amonth4_1_1_, contactdat1_.ayear as ayear5_1_1_, contactdat1_.bday as bday6_1_1_, contactdat1_.bmonth as bmonth7_1_1_, contactdat1_.byear as byear8_1_1_, contactdat1_.company as company9_1_1_, contactdat1_.email as email10_1_1_, contactdat1_.email2 as email11_1_1_, contactdat1_.email3 as email12_1_1_, contactdat1_.fax as fax13_1_1_, contactdat1_.firstname as firstna14_1_1_, contactdat1_.home as home15_1_1_, contactdat1_.homepage as homepag16_1_1_, contactdat1_.lastname as lastnam17_1_1_, contactdat1_.middlename as middlen18_1_1_, contactdat1_.mobile as mobile19_1_1_, contactdat1_.nickname as nicknam20_1_1_, contactdat1_.photo as photo21_1_1_, contactdat1_.address2 as address22_1_1_, contactdat1_.notes as notes23_1_1_, contactdat1_.phone2 as phone24_1_1_, contactdat1_.title as title25_1_1_, contactdat1_.work as work26_1_1_ from address_in_groups contacts0_ inner join addressbook contactdat1_ on contacts0_.id=contactdat1_.id where contacts0_.group_id=?
Hibernate: select groups0_.id as id1_0_0_, groups0_.group_id as group_id2_0_0_, groupdata1_.group_id as group_id1_2_1_, groupdata1_.group_footer as group_fo2_2_1_, groupdata1_.group_header as group_he3_2_1_, groupdata1_.group_name as group_na4_2_1_ from address_in_groups groups0_ inner join group_list groupdata1_ on groups0_.group_id=groupdata1_.group_id where groups0_.id=?
Hibernate: select groups0_.id as id1_0_0_, groups0_.group_id as group_id2_0_0_, groupdata1_.group_id as group_id1_2_1_, groupdata1_.group_footer as group_fo2_2_1_, groupdata1_.group_header as group_he3_2_1_, groupdata1_.group_name as group_na4_2_1_ from address_in_groups groups0_ inner join group_list groupdata1_ on groups0_.group_id=groupdata1_.group_id where groups0_.id=?
Hibernate: select groupdata0_.group_id as group_id1_2_, groupdata0_.group_footer as group_fo2_2_, groupdata0_.group_header as group_he3_2_, groupdata0_.group_name as group_na4_2_ from group_list groupdata0_
Hibernate: select contacts0_.group_id as group_id2_0_0_, contacts0_.id as id1_0_0_, contactdat1_.id as id1_1_1_, contactdat1_.address as address2_1_1_, contactdat1_.aday as aday3_1_1_, contactdat1_.amonth as amonth4_1_1_, contactdat1_.ayear as ayear5_1_1_, contactdat1_.bday as bday6_1_1_, contactdat1_.bmonth as bmonth7_1_1_, contactdat1_.byear as byear8_1_1_, contactdat1_.company as company9_1_1_, contactdat1_.email as email10_1_1_, contactdat1_.email2 as email11_1_1_, contactdat1_.email3 as email12_1_1_, contactdat1_.fax as fax13_1_1_, contactdat1_.firstname as firstna14_1_1_, contactdat1_.home as home15_1_1_, contactdat1_.homepage as homepag16_1_1_, contactdat1_.lastname as lastnam17_1_1_, contactdat1_.middlename as middlen18_1_1_, contactdat1_.mobile as mobile19_1_1_, contactdat1_.nickname as nicknam20_1_1_, contactdat1_.photo as photo21_1_1_, contactdat1_.address2 as address22_1_1_, contactdat1_.notes as notes23_1_1_, contactdat1_.phone2 as phone24_1_1_, contactdat1_.title as title25_1_1_, contactdat1_.work as work26_1_1_ from address_in_groups contacts0_ inner join addressbook contactdat1_ on contacts0_.id=contactdat1_.id where contacts0_.group_id=?
Hibernate: select contacts0_.group_id as group_id2_0_0_, contacts0_.id as id1_0_0_, contactdat1_.id as id1_1_1_, contactdat1_.address as address2_1_1_, contactdat1_.aday as aday3_1_1_, contactdat1_.amonth as amonth4_1_1_, contactdat1_.ayear as ayear5_1_1_, contactdat1_.bday as bday6_1_1_, contactdat1_.bmonth as bmonth7_1_1_, contactdat1_.byear as byear8_1_1_, contactdat1_.company as company9_1_1_, contactdat1_.email as email10_1_1_, contactdat1_.email2 as email11_1_1_, contactdat1_.email3 as email12_1_1_, contactdat1_.fax as fax13_1_1_, contactdat1_.firstname as firstna14_1_1_, contactdat1_.home as home15_1_1_, contactdat1_.homepage as homepag16_1_1_, contactdat1_.lastname as lastnam17_1_1_, contactdat1_.middlename as middlen18_1_1_, contactdat1_.mobile as mobile19_1_1_, contactdat1_.nickname as nicknam20_1_1_, contactdat1_.photo as photo21_1_1_, contactdat1_.address2 as address22_1_1_, contactdat1_.notes as notes23_1_1_, contactdat1_.phone2 as phone24_1_1_, contactdat1_.title as title25_1_1_, contactdat1_.work as work26_1_1_ from address_in_groups contacts0_ inner join addressbook contactdat1_ on contacts0_.id=contactdat1_.id where contacts0_.group_id=?
Hibernate: select contacts0_.group_id as group_id2_0_0_, contacts0_.id as id1_0_0_, contactdat1_.id as id1_1_1_, contactdat1_.address as address2_1_1_, contactdat1_.aday as aday3_1_1_, contactdat1_.amonth as amonth4_1_1_, contactdat1_.ayear as ayear5_1_1_, contactdat1_.bday as bday6_1_1_, contactdat1_.bmonth as bmonth7_1_1_, contactdat1_.byear as byear8_1_1_, contactdat1_.company as company9_1_1_, contactdat1_.email as email10_1_1_, contactdat1_.email2 as email11_1_1_, contactdat1_.email3 as email12_1_1_, contactdat1_.fax as fax13_1_1_, contactdat1_.firstname as firstna14_1_1_, contactdat1_.home as home15_1_1_, contactdat1_.homepage as homepag16_1_1_, contactdat1_.lastname as lastnam17_1_1_, contactdat1_.middlename as middlen18_1_1_, contactdat1_.mobile as mobile19_1_1_, contactdat1_.nickname as nicknam20_1_1_, contactdat1_.photo as photo21_1_1_, contactdat1_.address2 as address22_1_1_, contactdat1_.notes as notes23_1_1_, contactdat1_.phone2 as phone24_1_1_, contactdat1_.title as title25_1_1_, contactdat1_.work as work26_1_1_ from address_in_groups contacts0_ inner join addressbook contactdat1_ on contacts0_.id=contactdat1_.id where contacts0_.group_id=?
Hibernate: select contacts0_.group_id as group_id2_0_0_, contacts0_.id as id1_0_0_, contactdat1_.id as id1_1_1_, contactdat1_.address as address2_1_1_, contactdat1_.aday as aday3_1_1_, contactdat1_.amonth as amonth4_1_1_, contactdat1_.ayear as ayear5_1_1_, contactdat1_.bday as bday6_1_1_, contactdat1_.bmonth as bmonth7_1_1_, contactdat1_.byear as byear8_1_1_, contactdat1_.company as company9_1_1_, contactdat1_.email as email10_1_1_, contactdat1_.email2 as email11_1_1_, contactdat1_.email3 as email12_1_1_, contactdat1_.fax as fax13_1_1_, contactdat1_.firstname as firstna14_1_1_, contactdat1_.home as home15_1_1_, contactdat1_.homepage as homepag16_1_1_, contactdat1_.lastname as lastnam17_1_1_, contactdat1_.middlename as middlen18_1_1_, contactdat1_.mobile as mobile19_1_1_, contactdat1_.nickname as nicknam20_1_1_, contactdat1_.photo as photo21_1_1_, contactdat1_.address2 as address22_1_1_, contactdat1_.notes as notes23_1_1_, contactdat1_.phone2 as phone24_1_1_, contactdat1_.title as title25_1_1_, contactdat1_.work as work26_1_1_ from address_in_groups contacts0_ inner join addressbook contactdat1_ on contacts0_.id=contactdat1_.id where contacts0_.group_id=?
Hibernate: select groups0_.id as id1_0_0_, groups0_.group_id as group_id2_0_0_, groupdata1_.group_id as group_id1_2_1_, groupdata1_.group_footer as group_fo2_2_1_, groupdata1_.group_header as group_he3_2_1_, groupdata1_.group_name as group_na4_2_1_ from address_in_groups groups0_ inner join group_list groupdata1_ on groups0_.group_id=groupdata1_.group_id where groups0_.id=?
Hibernate: select groups0_.id as id1_0_0_, groups0_.group_id as group_id2_0_0_, groupdata1_.group_id as group_id1_2_1_, groupdata1_.group_footer as group_fo2_2_1_, groupdata1_.group_header as group_he3_2_1_, groupdata1_.group_name as group_na4_2_1_ from address_in_groups groups0_ inner join group_list groupdata1_ on groups0_.group_id=groupdata1_.group_id where groups0_.id=?
Hibernate: select groupdata0_.group_id as group_id1_2_, groupdata0_.group_footer as group_fo2_2_, groupdata0_.group_header as group_he3_2_, groupdata0_.group_name as group_na4_2_ from group_list groupdata0_
Hibernate: select contacts0_.group_id as group_id2_0_0_, contacts0_.id as id1_0_0_, contactdat1_.id as id1_1_1_, contactdat1_.address as address2_1_1_, contactdat1_.aday as aday3_1_1_, contactdat1_.amonth as amonth4_1_1_, contactdat1_.ayear as ayear5_1_1_, contactdat1_.bday as bday6_1_1_, contactdat1_.bmonth as bmonth7_1_1_, contactdat1_.byear as byear8_1_1_, contactdat1_.company as company9_1_1_, contactdat1_.email as email10_1_1_, contactdat1_.email2 as email11_1_1_, contactdat1_.email3 as email12_1_1_, contactdat1_.fax as fax13_1_1_, contactdat1_.firstname as firstna14_1_1_, contactdat1_.home as home15_1_1_, contactdat1_.homepage as homepag16_1_1_, contactdat1_.lastname as lastnam17_1_1_, contactdat1_.middlename as middlen18_1_1_, contactdat1_.mobile as mobile19_1_1_, contactdat1_.nickname as nicknam20_1_1_, contactdat1_.photo as photo21_1_1_, contactdat1_.address2 as address22_1_1_, contactdat1_.notes as notes23_1_1_, contactdat1_.phone2 as phone24_1_1_, contactdat1_.title as title25_1_1_, contactdat1_.work as work26_1_1_ from address_in_groups contacts0_ inner join addressbook contactdat1_ on contacts0_.id=contactdat1_.id where contacts0_.group_id=?
Hibernate: select contacts0_.group_id as group_id2_0_0_, contacts0_.id as id1_0_0_, contactdat1_.id as id1_1_1_, contactdat1_.address as address2_1_1_, contactdat1_.aday as aday3_1_1_, contactdat1_.amonth as amonth4_1_1_, contactdat1_.ayear as ayear5_1_1_, contactdat1_.bday as bday6_1_1_, contactdat1_.bmonth as bmonth7_1_1_, contactdat1_.byear as byear8_1_1_, contactdat1_.company as company9_1_1_, contactdat1_.email as email10_1_1_, contactdat1_.email2 as email11_1_1_, contactdat1_.email3 as email12_1_1_, contactdat1_.fax as fax13_1_1_, contactdat1_.firstname as firstna14_1_1_, contactdat1_.home as home15_1_1_, contactdat1_.homepage as homepag16_1_1_, contactdat1_.lastname as lastnam17_1_1_, contactdat1_.middlename as middlen18_1_1_, contactdat1_.mobile as mobile19_1_1_, contactdat1_.nickname as nicknam20_1_1_, contactdat1_.photo as photo21_1_1_, contactdat1_.address2 as address22_1_1_, contactdat1_.notes as notes23_1_1_, contactdat1_.phone2 as phone24_1_1_, contactdat1_.title as title25_1_1_, contactdat1_.work as work26_1_1_ from address_in_groups contacts0_ inner join addressbook contactdat1_ on contacts0_.id=contactdat1_.id where contacts0_.group_id=?
Hibernate: select contacts0_.group_id as group_id2_0_0_, contacts0_.id as id1_0_0_, contactdat1_.id as id1_1_1_, contactdat1_.address as address2_1_1_, contactdat1_.aday as aday3_1_1_, contactdat1_.amonth as amonth4_1_1_, contactdat1_.ayear as ayear5_1_1_, contactdat1_.bday as bday6_1_1_, contactdat1_.bmonth as bmonth7_1_1_, contactdat1_.byear as byear8_1_1_, contactdat1_.company as company9_1_1_, contactdat1_.email as email10_1_1_, contactdat1_.email2 as email11_1_1_, contactdat1_.email3 as email12_1_1_, contactdat1_.fax as fax13_1_1_, contactdat1_.firstname as firstna14_1_1_, contactdat1_.home as home15_1_1_, contactdat1_.homepage as homepag16_1_1_, contactdat1_.lastname as lastnam17_1_1_, contactdat1_.middlename as middlen18_1_1_, contactdat1_.mobile as mobile19_1_1_, contactdat1_.nickname as nicknam20_1_1_, contactdat1_.photo as photo21_1_1_, contactdat1_.address2 as address22_1_1_, contactdat1_.notes as notes23_1_1_, contactdat1_.phone2 as phone24_1_1_, contactdat1_.title as title25_1_1_, contactdat1_.work as work26_1_1_ from address_in_groups contacts0_ inner join addressbook contactdat1_ on contacts0_.id=contactdat1_.id where contacts0_.group_id=?
Hibernate: select contacts0_.group_id as group_id2_0_0_, contacts0_.id as id1_0_0_, contactdat1_.id as id1_1_1_, contactdat1_.address as address2_1_1_, contactdat1_.aday as aday3_1_1_, contactdat1_.amonth as amonth4_1_1_, contactdat1_.ayear as ayear5_1_1_, contactdat1_.bday as bday6_1_1_, contactdat1_.bmonth as bmonth7_1_1_, contactdat1_.byear as byear8_1_1_, contactdat1_.company as company9_1_1_, contactdat1_.email as email10_1_1_, contactdat1_.email2 as email11_1_1_, contactdat1_.email3 as email12_1_1_, contactdat1_.fax as fax13_1_1_, contactdat1_.firstname as firstna14_1_1_, contactdat1_.home as home15_1_1_, contactdat1_.homepage as homepag16_1_1_, contactdat1_.lastname as lastnam17_1_1_, contactdat1_.middlename as middlen18_1_1_, contactdat1_.mobile as mobile19_1_1_, contactdat1_.nickname as nicknam20_1_1_, contactdat1_.photo as photo21_1_1_, contactdat1_.address2 as address22_1_1_, contactdat1_.notes as notes23_1_1_, contactdat1_.phone2 as phone24_1_1_, contactdat1_.title as title25_1_1_, contactdat1_.work as work26_1_1_ from address_in_groups contacts0_ inner join addressbook contactdat1_ on contacts0_.id=contactdat1_.id where contacts0_.group_id=?
Hibernate: select groups0_.id as id1_0_0_, groups0_.group_id as group_id2_0_0_, groupdata1_.group_id as group_id1_2_1_, groupdata1_.group_footer as group_fo2_2_1_, groupdata1_.group_header as group_he3_2_1_, groupdata1_.group_name as group_na4_2_1_ from address_in_groups groups0_ inner join group_list groupdata1_ on groups0_.group_id=groupdata1_.group_id where groups0_.id=?
Hibernate: select groups0_.id as id1_0_0_, groups0_.group_id as group_id2_0_0_, groupdata1_.group_id as group_id1_2_1_, groupdata1_.group_footer as group_fo2_2_1_, groupdata1_.group_header as group_he3_2_1_, groupdata1_.group_name as group_na4_2_1_ from address_in_groups groups0_ inner join group_list groupdata1_ on groups0_.group_id=groupdata1_.group_id where groups0_.id=?
]]></system-out>
  <system-err><![CDATA[]]></system-err>
</testsuite>
