<?xml version="1.0" encoding="UTF-8"?>
<testsuite name="ru.anatoli.addressbook.tests.GroupCreationTests" tests="3" skipped="0" failures="1" errors="0" timestamp="2017-10-09T14:23:56" hostname="aanukevich" time="16.852">
  <properties/>
  <testcase name="testGroupCreation[0](ru.anatoli.addressbook.models.GroupData@9794225c)" classname="ru.anatoli.addressbook.tests.GroupCreationTests" time="4.59">
    <failure message="org.openqa.selenium.NoSuchElementException: Unable to find element with link text == group page (WARNING: The server did not provide any stacktrace information)&#10;Command duration or timeout: 0 milliseconds&#10;For documentation on this error, please visit: http://seleniumhq.org/exceptions/no_such_element.html&#10;Build info: version: '3.6.0', revision: '6fbf3ec767', time: '2017-09-27T15:28:36.4Z'&#10;System info: host: 'AANUKEVICH', ip: '192.168.88.2', os.name: 'Windows 10', os.arch: 'amd64', os.version: '10.0', java.version: '1.8.0_144'&#10;Driver info: org.openqa.selenium.ie.InternetExplorerDriver&#10;Capabilities [{se:ieOptions={browserAttachTimeout=0, ie.enableFullPageScreenshot=true, enablePersistentHover=true, ie.forceCreateProcessApi=false, ie.forceShellWindowsApi=false, ignoreZoomSetting=false, ie.fileUploadDialogTimeout=3000, ie.useLegacyFileUploadDialogHandling=false, nativeEvents=true, ie.ensureCleanSession=false, elementScrollBehavior=0, ie.browserCommandLineSwitches=, requireWindowFocus=false, initialBrowserUrl=http://localhost:22426/, ignoreProtectedModeSettings=false, enableElementCacheCleanup=true}, browserName=internet explorer, pageLoadStrategy=normal, unhandledPromptBehavior=dismiss, javascriptEnabled=true, platformName=WINDOWS, version=11, platform=WINDOWS, unexpectedAlertBehaviour=dismiss}]&#10;Session ID: 98be4cea-ddfb-43b7-8ca0-097e2bd0d650&#10;*** Element info: {Using=link text, value=group page}" type="org.openqa.selenium.NoSuchElementException">org.openqa.selenium.NoSuchElementException: Unable to find element with link text == group page (WARNING: The server did not provide any stacktrace information)
Command duration or timeout: 0 milliseconds
For documentation on this error, please visit: http://seleniumhq.org/exceptions/no_such_element.html
Build info: version: '3.6.0', revision: '6fbf3ec767', time: '2017-09-27T15:28:36.4Z'
System info: host: 'AANUKEVICH', ip: '192.168.88.2', os.name: 'Windows 10', os.arch: 'amd64', os.version: '10.0', java.version: '1.8.0_144'
Driver info: org.openqa.selenium.ie.InternetExplorerDriver
Capabilities [{se:ieOptions={browserAttachTimeout=0, ie.enableFullPageScreenshot=true, enablePersistentHover=true, ie.forceCreateProcessApi=false, ie.forceShellWindowsApi=false, ignoreZoomSetting=false, ie.fileUploadDialogTimeout=3000, ie.useLegacyFileUploadDialogHandling=false, nativeEvents=true, ie.ensureCleanSession=false, elementScrollBehavior=0, ie.browserCommandLineSwitches=, requireWindowFocus=false, initialBrowserUrl=http://localhost:22426/, ignoreProtectedModeSettings=false, enableElementCacheCleanup=true}, browserName=internet explorer, pageLoadStrategy=normal, unhandledPromptBehavior=dismiss, javascriptEnabled=true, platformName=WINDOWS, version=11, platform=WINDOWS, unexpectedAlertBehaviour=dismiss}]
Session ID: 98be4cea-ddfb-43b7-8ca0-097e2bd0d650
*** Element info: {Using=link text, value=group page}
	at sun.reflect.NativeConstructorAccessorImpl.newInstance0(Native Method)
	at sun.reflect.NativeConstructorAccessorImpl.newInstance(NativeConstructorAccessorImpl.java:62)
	at sun.reflect.DelegatingConstructorAccessorImpl.newInstance(DelegatingConstructorAccessorImpl.java:45)
	at java.lang.reflect.Constructor.newInstance(Constructor.java:423)
	at org.openqa.selenium.remote.ErrorHandler.createThrowable(ErrorHandler.java:214)
	at org.openqa.selenium.remote.ErrorHandler.throwIfResponseFailed(ErrorHandler.java:166)
	at org.openqa.selenium.remote.http.JsonHttpResponseCodec.reconstructValue(JsonHttpResponseCodec.java:40)
	at org.openqa.selenium.remote.http.AbstractHttpResponseCodec.decode(AbstractHttpResponseCodec.java:82)
	at org.openqa.selenium.remote.http.AbstractHttpResponseCodec.decode(AbstractHttpResponseCodec.java:45)
	at org.openqa.selenium.remote.HttpCommandExecutor.execute(HttpCommandExecutor.java:164)
	at org.openqa.selenium.remote.service.DriverCommandExecutor.execute(DriverCommandExecutor.java:83)
	at org.openqa.selenium.remote.RemoteWebDriver.execute(RemoteWebDriver.java:586)
	at org.openqa.selenium.remote.RemoteWebDriver.findElement(RemoteWebDriver.java:356)
	at org.openqa.selenium.remote.RemoteWebDriver.findElementByLinkText(RemoteWebDriver.java:410)
	at org.openqa.selenium.By$ByLinkText.findElement(By.java:246)
	at org.openqa.selenium.remote.RemoteWebDriver.findElement(RemoteWebDriver.java:348)
	at ru.anatoli.addressbook.appmanager.HelperBase.click(HelperBase.java:21)
	at ru.anatoli.addressbook.appmanager.GroupHelper.returnToGroupsPage(GroupHelper.java:36)
	at ru.anatoli.addressbook.appmanager.GroupHelper.createGroup(GroupHelper.java:104)
	at ru.anatoli.addressbook.tests.GroupCreationTests.testGroupCreation(GroupCreationTests.java:64)
	at sun.reflect.NativeMethodAccessorImpl.invoke0(Native Method)
	at sun.reflect.NativeMethodAccessorImpl.invoke(NativeMethodAccessorImpl.java:62)
	at sun.reflect.DelegatingMethodAccessorImpl.invoke(DelegatingMethodAccessorImpl.java:43)
	at java.lang.reflect.Method.invoke(Method.java:498)
	at org.testng.internal.MethodInvocationHelper.invokeMethod(MethodInvocationHelper.java:108)
	at org.testng.internal.Invoker.invokeMethod(Invoker.java:661)
	at org.testng.internal.Invoker.invokeTestMethod(Invoker.java:869)
	at org.testng.internal.Invoker.invokeTestMethods(Invoker.java:1193)
	at org.testng.internal.TestMethodWorker.invokeTestMethods(TestMethodWorker.java:126)
	at org.testng.internal.TestMethodWorker.run(TestMethodWorker.java:109)
	at org.testng.TestRunner.privateRun(TestRunner.java:744)
	at org.testng.TestRunner.run(TestRunner.java:602)
	at org.testng.SuiteRunner.runTest(SuiteRunner.java:380)
	at org.testng.SuiteRunner.runSequentially(SuiteRunner.java:375)
	at org.testng.SuiteRunner.privateRun(SuiteRunner.java:340)
	at org.testng.SuiteRunner.run(SuiteRunner.java:289)
	at org.testng.SuiteRunnerWorker.runSuite(SuiteRunnerWorker.java:52)
	at org.testng.SuiteRunnerWorker.run(SuiteRunnerWorker.java:86)
	at org.testng.TestNG.runSuitesSequentially(TestNG.java:1301)
	at org.testng.TestNG.runSuitesLocally(TestNG.java:1226)
	at org.testng.TestNG.runSuites(TestNG.java:1144)
	at org.testng.TestNG.run(TestNG.java:1115)
	at org.gradle.api.internal.tasks.testing.testng.TestNGTestClassProcessor.runTests(TestNGTestClassProcessor.java:129)
	at org.gradle.api.internal.tasks.testing.testng.TestNGTestClassProcessor.stop(TestNGTestClassProcessor.java:88)
	at org.gradle.api.internal.tasks.testing.SuiteTestClassProcessor.stop(SuiteTestClassProcessor.java:61)
	at sun.reflect.NativeMethodAccessorImpl.invoke0(Native Method)
	at sun.reflect.NativeMethodAccessorImpl.invoke(NativeMethodAccessorImpl.java:62)
	at sun.reflect.DelegatingMethodAccessorImpl.invoke(DelegatingMethodAccessorImpl.java:43)
	at java.lang.reflect.Method.invoke(Method.java:498)
	at org.gradle.internal.dispatch.ReflectionDispatch.dispatch(ReflectionDispatch.java:35)
	at org.gradle.internal.dispatch.ReflectionDispatch.dispatch(ReflectionDispatch.java:24)
	at org.gradle.internal.dispatch.ContextClassLoaderDispatch.dispatch(ContextClassLoaderDispatch.java:32)
	at org.gradle.internal.dispatch.ProxyDispatchAdapter$DispatchingInvocationHandler.invoke(ProxyDispatchAdapter.java:93)
	at com.sun.proxy.$Proxy3.stop(Unknown Source)
	at org.gradle.api.internal.tasks.testing.worker.TestWorker.stop(TestWorker.java:120)
	at sun.reflect.NativeMethodAccessorImpl.invoke0(Native Method)
	at sun.reflect.NativeMethodAccessorImpl.invoke(NativeMethodAccessorImpl.java:62)
	at sun.reflect.DelegatingMethodAccessorImpl.invoke(DelegatingMethodAccessorImpl.java:43)
	at java.lang.reflect.Method.invoke(Method.java:498)
	at org.gradle.internal.dispatch.ReflectionDispatch.dispatch(ReflectionDispatch.java:35)
	at org.gradle.internal.dispatch.ReflectionDispatch.dispatch(ReflectionDispatch.java:24)
	at org.gradle.internal.remote.internal.hub.MessageHubBackedObjectConnection$DispatchWrapper.dispatch(MessageHubBackedObjectConnection.java:147)
	at org.gradle.internal.remote.internal.hub.MessageHubBackedObjectConnection$DispatchWrapper.dispatch(MessageHubBackedObjectConnection.java:129)
	at org.gradle.internal.remote.internal.hub.MessageHub$Handler.run(MessageHub.java:404)
	at org.gradle.internal.concurrent.ExecutorPolicy$CatchAndRecordFailures.onExecute(ExecutorPolicy.java:63)
	at org.gradle.internal.concurrent.StoppableExecutorImpl$1.run(StoppableExecutorImpl.java:46)
	at java.util.concurrent.ThreadPoolExecutor.runWorker(ThreadPoolExecutor.java:1149)
	at java.util.concurrent.ThreadPoolExecutor$Worker.run(ThreadPoolExecutor.java:624)
	at java.lang.Thread.run(Thread.java:748)
</failure>
  </testcase>
  <testcase name="testGroupCreation[1](ru.anatoli.addressbook.models.GroupData@80000028)" classname="ru.anatoli.addressbook.tests.GroupCreationTests" time="4.263"/>
  <testcase name="testGroupCreation[2](ru.anatoli.addressbook.models.GroupData@9d8b7e6f)" classname="ru.anatoli.addressbook.tests.GroupCreationTests" time="6.847"/>
  <system-out><![CDATA[Hibernate: select groupdata0_.group_id as group_id1_2_, groupdata0_.group_footer as group_fo2_2_, groupdata0_.group_header as group_he3_2_, groupdata0_.group_name as group_na4_2_ from group_list groupdata0_
Hibernate: select contacts0_.group_id as group_id2_0_0_, contacts0_.id as id1_0_0_, contactdat1_.id as id1_1_1_, contactdat1_.address as address2_1_1_, contactdat1_.aday as aday3_1_1_, contactdat1_.amonth as amonth4_1_1_, contactdat1_.ayear as ayear5_1_1_, contactdat1_.bday as bday6_1_1_, contactdat1_.bmonth as bmonth7_1_1_, contactdat1_.byear as byear8_1_1_, contactdat1_.company as company9_1_1_, contactdat1_.email as email10_1_1_, contactdat1_.email2 as email11_1_1_, contactdat1_.email3 as email12_1_1_, contactdat1_.fax as fax13_1_1_, contactdat1_.firstname as firstna14_1_1_, contactdat1_.home as home15_1_1_, contactdat1_.homepage as homepag16_1_1_, contactdat1_.lastname as lastnam17_1_1_, contactdat1_.middlename as middlen18_1_1_, contactdat1_.mobile as mobile19_1_1_, contactdat1_.nickname as nicknam20_1_1_, contactdat1_.photo as photo21_1_1_, contactdat1_.address2 as address22_1_1_, contactdat1_.notes as notes23_1_1_, contactdat1_.phone2 as phone24_1_1_, contactdat1_.title as title25_1_1_, contactdat1_.work as work26_1_1_ from address_in_groups contacts0_ inner join addressbook contactdat1_ on contacts0_.id=contactdat1_.id where contacts0_.group_id=?
Hibernate: select contacts0_.group_id as group_id2_0_0_, contacts0_.id as id1_0_0_, contactdat1_.id as id1_1_1_, contactdat1_.address as address2_1_1_, contactdat1_.aday as aday3_1_1_, contactdat1_.amonth as amonth4_1_1_, contactdat1_.ayear as ayear5_1_1_, contactdat1_.bday as bday6_1_1_, contactdat1_.bmonth as bmonth7_1_1_, contactdat1_.byear as byear8_1_1_, contactdat1_.company as company9_1_1_, contactdat1_.email as email10_1_1_, contactdat1_.email2 as email11_1_1_, contactdat1_.email3 as email12_1_1_, contactdat1_.fax as fax13_1_1_, contactdat1_.firstname as firstna14_1_1_, contactdat1_.home as home15_1_1_, contactdat1_.homepage as homepag16_1_1_, contactdat1_.lastname as lastnam17_1_1_, contactdat1_.middlename as middlen18_1_1_, contactdat1_.mobile as mobile19_1_1_, contactdat1_.nickname as nicknam20_1_1_, contactdat1_.photo as photo21_1_1_, contactdat1_.address2 as address22_1_1_, contactdat1_.notes as notes23_1_1_, contactdat1_.phone2 as phone24_1_1_, contactdat1_.title as title25_1_1_, contactdat1_.work as work26_1_1_ from address_in_groups contacts0_ inner join addressbook contactdat1_ on contacts0_.id=contactdat1_.id where contacts0_.group_id=?
Hibernate: select contacts0_.group_id as group_id2_0_0_, contacts0_.id as id1_0_0_, contactdat1_.id as id1_1_1_, contactdat1_.address as address2_1_1_, contactdat1_.aday as aday3_1_1_, contactdat1_.amonth as amonth4_1_1_, contactdat1_.ayear as ayear5_1_1_, contactdat1_.bday as bday6_1_1_, contactdat1_.bmonth as bmonth7_1_1_, contactdat1_.byear as byear8_1_1_, contactdat1_.company as company9_1_1_, contactdat1_.email as email10_1_1_, contactdat1_.email2 as email11_1_1_, contactdat1_.email3 as email12_1_1_, contactdat1_.fax as fax13_1_1_, contactdat1_.firstname as firstna14_1_1_, contactdat1_.home as home15_1_1_, contactdat1_.homepage as homepag16_1_1_, contactdat1_.lastname as lastnam17_1_1_, contactdat1_.middlename as middlen18_1_1_, contactdat1_.mobile as mobile19_1_1_, contactdat1_.nickname as nicknam20_1_1_, contactdat1_.photo as photo21_1_1_, contactdat1_.address2 as address22_1_1_, contactdat1_.notes as notes23_1_1_, contactdat1_.phone2 as phone24_1_1_, contactdat1_.title as title25_1_1_, contactdat1_.work as work26_1_1_ from address_in_groups contacts0_ inner join addressbook contactdat1_ on contacts0_.id=contactdat1_.id where contacts0_.group_id=?
Hibernate: select groupdata0_.group_id as group_id1_2_, groupdata0_.group_footer as group_fo2_2_, groupdata0_.group_header as group_he3_2_, groupdata0_.group_name as group_na4_2_ from group_list groupdata0_
Hibernate: select contacts0_.group_id as group_id2_0_0_, contacts0_.id as id1_0_0_, contactdat1_.id as id1_1_1_, contactdat1_.address as address2_1_1_, contactdat1_.aday as aday3_1_1_, contactdat1_.amonth as amonth4_1_1_, contactdat1_.ayear as ayear5_1_1_, contactdat1_.bday as bday6_1_1_, contactdat1_.bmonth as bmonth7_1_1_, contactdat1_.byear as byear8_1_1_, contactdat1_.company as company9_1_1_, contactdat1_.email as email10_1_1_, contactdat1_.email2 as email11_1_1_, contactdat1_.email3 as email12_1_1_, contactdat1_.fax as fax13_1_1_, contactdat1_.firstname as firstna14_1_1_, contactdat1_.home as home15_1_1_, contactdat1_.homepage as homepag16_1_1_, contactdat1_.lastname as lastnam17_1_1_, contactdat1_.middlename as middlen18_1_1_, contactdat1_.mobile as mobile19_1_1_, contactdat1_.nickname as nicknam20_1_1_, contactdat1_.photo as photo21_1_1_, contactdat1_.address2 as address22_1_1_, contactdat1_.notes as notes23_1_1_, contactdat1_.phone2 as phone24_1_1_, contactdat1_.title as title25_1_1_, contactdat1_.work as work26_1_1_ from address_in_groups contacts0_ inner join addressbook contactdat1_ on contacts0_.id=contactdat1_.id where contacts0_.group_id=?
Hibernate: select contacts0_.group_id as group_id2_0_0_, contacts0_.id as id1_0_0_, contactdat1_.id as id1_1_1_, contactdat1_.address as address2_1_1_, contactdat1_.aday as aday3_1_1_, contactdat1_.amonth as amonth4_1_1_, contactdat1_.ayear as ayear5_1_1_, contactdat1_.bday as bday6_1_1_, contactdat1_.bmonth as bmonth7_1_1_, contactdat1_.byear as byear8_1_1_, contactdat1_.company as company9_1_1_, contactdat1_.email as email10_1_1_, contactdat1_.email2 as email11_1_1_, contactdat1_.email3 as email12_1_1_, contactdat1_.fax as fax13_1_1_, contactdat1_.firstname as firstna14_1_1_, contactdat1_.home as home15_1_1_, contactdat1_.homepage as homepag16_1_1_, contactdat1_.lastname as lastnam17_1_1_, contactdat1_.middlename as middlen18_1_1_, contactdat1_.mobile as mobile19_1_1_, contactdat1_.nickname as nicknam20_1_1_, contactdat1_.photo as photo21_1_1_, contactdat1_.address2 as address22_1_1_, contactdat1_.notes as notes23_1_1_, contactdat1_.phone2 as phone24_1_1_, contactdat1_.title as title25_1_1_, contactdat1_.work as work26_1_1_ from address_in_groups contacts0_ inner join addressbook contactdat1_ on contacts0_.id=contactdat1_.id where contacts0_.group_id=?
Hibernate: select contacts0_.group_id as group_id2_0_0_, contacts0_.id as id1_0_0_, contactdat1_.id as id1_1_1_, contactdat1_.address as address2_1_1_, contactdat1_.aday as aday3_1_1_, contactdat1_.amonth as amonth4_1_1_, contactdat1_.ayear as ayear5_1_1_, contactdat1_.bday as bday6_1_1_, contactdat1_.bmonth as bmonth7_1_1_, contactdat1_.byear as byear8_1_1_, contactdat1_.company as company9_1_1_, contactdat1_.email as email10_1_1_, contactdat1_.email2 as email11_1_1_, contactdat1_.email3 as email12_1_1_, contactdat1_.fax as fax13_1_1_, contactdat1_.firstname as firstna14_1_1_, contactdat1_.home as home15_1_1_, contactdat1_.homepage as homepag16_1_1_, contactdat1_.lastname as lastnam17_1_1_, contactdat1_.middlename as middlen18_1_1_, contactdat1_.mobile as mobile19_1_1_, contactdat1_.nickname as nicknam20_1_1_, contactdat1_.photo as photo21_1_1_, contactdat1_.address2 as address22_1_1_, contactdat1_.notes as notes23_1_1_, contactdat1_.phone2 as phone24_1_1_, contactdat1_.title as title25_1_1_, contactdat1_.work as work26_1_1_ from address_in_groups contacts0_ inner join addressbook contactdat1_ on contacts0_.id=contactdat1_.id where contacts0_.group_id=?
Hibernate: select groupdata0_.group_id as group_id1_2_, groupdata0_.group_footer as group_fo2_2_, groupdata0_.group_header as group_he3_2_, groupdata0_.group_name as group_na4_2_ from group_list groupdata0_
Hibernate: select contacts0_.group_id as group_id2_0_0_, contacts0_.id as id1_0_0_, contactdat1_.id as id1_1_1_, contactdat1_.address as address2_1_1_, contactdat1_.aday as aday3_1_1_, contactdat1_.amonth as amonth4_1_1_, contactdat1_.ayear as ayear5_1_1_, contactdat1_.bday as bday6_1_1_, contactdat1_.bmonth as bmonth7_1_1_, contactdat1_.byear as byear8_1_1_, contactdat1_.company as company9_1_1_, contactdat1_.email as email10_1_1_, contactdat1_.email2 as email11_1_1_, contactdat1_.email3 as email12_1_1_, contactdat1_.fax as fax13_1_1_, contactdat1_.firstname as firstna14_1_1_, contactdat1_.home as home15_1_1_, contactdat1_.homepage as homepag16_1_1_, contactdat1_.lastname as lastnam17_1_1_, contactdat1_.middlename as middlen18_1_1_, contactdat1_.mobile as mobile19_1_1_, contactdat1_.nickname as nicknam20_1_1_, contactdat1_.photo as photo21_1_1_, contactdat1_.address2 as address22_1_1_, contactdat1_.notes as notes23_1_1_, contactdat1_.phone2 as phone24_1_1_, contactdat1_.title as title25_1_1_, contactdat1_.work as work26_1_1_ from address_in_groups contacts0_ inner join addressbook contactdat1_ on contacts0_.id=contactdat1_.id where contacts0_.group_id=?
Hibernate: select contacts0_.group_id as group_id2_0_0_, contacts0_.id as id1_0_0_, contactdat1_.id as id1_1_1_, contactdat1_.address as address2_1_1_, contactdat1_.aday as aday3_1_1_, contactdat1_.amonth as amonth4_1_1_, contactdat1_.ayear as ayear5_1_1_, contactdat1_.bday as bday6_1_1_, contactdat1_.bmonth as bmonth7_1_1_, contactdat1_.byear as byear8_1_1_, contactdat1_.company as company9_1_1_, contactdat1_.email as email10_1_1_, contactdat1_.email2 as email11_1_1_, contactdat1_.email3 as email12_1_1_, contactdat1_.fax as fax13_1_1_, contactdat1_.firstname as firstna14_1_1_, contactdat1_.home as home15_1_1_, contactdat1_.homepage as homepag16_1_1_, contactdat1_.lastname as lastnam17_1_1_, contactdat1_.middlename as middlen18_1_1_, contactdat1_.mobile as mobile19_1_1_, contactdat1_.nickname as nicknam20_1_1_, contactdat1_.photo as photo21_1_1_, contactdat1_.address2 as address22_1_1_, contactdat1_.notes as notes23_1_1_, contactdat1_.phone2 as phone24_1_1_, contactdat1_.title as title25_1_1_, contactdat1_.work as work26_1_1_ from address_in_groups contacts0_ inner join addressbook contactdat1_ on contacts0_.id=contactdat1_.id where contacts0_.group_id=?
Hibernate: select contacts0_.group_id as group_id2_0_0_, contacts0_.id as id1_0_0_, contactdat1_.id as id1_1_1_, contactdat1_.address as address2_1_1_, contactdat1_.aday as aday3_1_1_, contactdat1_.amonth as amonth4_1_1_, contactdat1_.ayear as ayear5_1_1_, contactdat1_.bday as bday6_1_1_, contactdat1_.bmonth as bmonth7_1_1_, contactdat1_.byear as byear8_1_1_, contactdat1_.company as company9_1_1_, contactdat1_.email as email10_1_1_, contactdat1_.email2 as email11_1_1_, contactdat1_.email3 as email12_1_1_, contactdat1_.fax as fax13_1_1_, contactdat1_.firstname as firstna14_1_1_, contactdat1_.home as home15_1_1_, contactdat1_.homepage as homepag16_1_1_, contactdat1_.lastname as lastnam17_1_1_, contactdat1_.middlename as middlen18_1_1_, contactdat1_.mobile as mobile19_1_1_, contactdat1_.nickname as nicknam20_1_1_, contactdat1_.photo as photo21_1_1_, contactdat1_.address2 as address22_1_1_, contactdat1_.notes as notes23_1_1_, contactdat1_.phone2 as phone24_1_1_, contactdat1_.title as title25_1_1_, contactdat1_.work as work26_1_1_ from address_in_groups contacts0_ inner join addressbook contactdat1_ on contacts0_.id=contactdat1_.id where contacts0_.group_id=?
Hibernate: select contacts0_.group_id as group_id2_0_0_, contacts0_.id as id1_0_0_, contactdat1_.id as id1_1_1_, contactdat1_.address as address2_1_1_, contactdat1_.aday as aday3_1_1_, contactdat1_.amonth as amonth4_1_1_, contactdat1_.ayear as ayear5_1_1_, contactdat1_.bday as bday6_1_1_, contactdat1_.bmonth as bmonth7_1_1_, contactdat1_.byear as byear8_1_1_, contactdat1_.company as company9_1_1_, contactdat1_.email as email10_1_1_, contactdat1_.email2 as email11_1_1_, contactdat1_.email3 as email12_1_1_, contactdat1_.fax as fax13_1_1_, contactdat1_.firstname as firstna14_1_1_, contactdat1_.home as home15_1_1_, contactdat1_.homepage as homepag16_1_1_, contactdat1_.lastname as lastnam17_1_1_, contactdat1_.middlename as middlen18_1_1_, contactdat1_.mobile as mobile19_1_1_, contactdat1_.nickname as nicknam20_1_1_, contactdat1_.photo as photo21_1_1_, contactdat1_.address2 as address22_1_1_, contactdat1_.notes as notes23_1_1_, contactdat1_.phone2 as phone24_1_1_, contactdat1_.title as title25_1_1_, contactdat1_.work as work26_1_1_ from address_in_groups contacts0_ inner join addressbook contactdat1_ on contacts0_.id=contactdat1_.id where contacts0_.group_id=?
Hibernate: select groupdata0_.group_id as group_id1_2_, groupdata0_.group_footer as group_fo2_2_, groupdata0_.group_header as group_he3_2_, groupdata0_.group_name as group_na4_2_ from group_list groupdata0_
Hibernate: select contacts0_.group_id as group_id2_0_0_, contacts0_.id as id1_0_0_, contactdat1_.id as id1_1_1_, contactdat1_.address as address2_1_1_, contactdat1_.aday as aday3_1_1_, contactdat1_.amonth as amonth4_1_1_, contactdat1_.ayear as ayear5_1_1_, contactdat1_.bday as bday6_1_1_, contactdat1_.bmonth as bmonth7_1_1_, contactdat1_.byear as byear8_1_1_, contactdat1_.company as company9_1_1_, contactdat1_.email as email10_1_1_, contactdat1_.email2 as email11_1_1_, contactdat1_.email3 as email12_1_1_, contactdat1_.fax as fax13_1_1_, contactdat1_.firstname as firstna14_1_1_, contactdat1_.home as home15_1_1_, contactdat1_.homepage as homepag16_1_1_, contactdat1_.lastname as lastnam17_1_1_, contactdat1_.middlename as middlen18_1_1_, contactdat1_.mobile as mobile19_1_1_, contactdat1_.nickname as nicknam20_1_1_, contactdat1_.photo as photo21_1_1_, contactdat1_.address2 as address22_1_1_, contactdat1_.notes as notes23_1_1_, contactdat1_.phone2 as phone24_1_1_, contactdat1_.title as title25_1_1_, contactdat1_.work as work26_1_1_ from address_in_groups contacts0_ inner join addressbook contactdat1_ on contacts0_.id=contactdat1_.id where contacts0_.group_id=?
Hibernate: select contacts0_.group_id as group_id2_0_0_, contacts0_.id as id1_0_0_, contactdat1_.id as id1_1_1_, contactdat1_.address as address2_1_1_, contactdat1_.aday as aday3_1_1_, contactdat1_.amonth as amonth4_1_1_, contactdat1_.ayear as ayear5_1_1_, contactdat1_.bday as bday6_1_1_, contactdat1_.bmonth as bmonth7_1_1_, contactdat1_.byear as byear8_1_1_, contactdat1_.company as company9_1_1_, contactdat1_.email as email10_1_1_, contactdat1_.email2 as email11_1_1_, contactdat1_.email3 as email12_1_1_, contactdat1_.fax as fax13_1_1_, contactdat1_.firstname as firstna14_1_1_, contactdat1_.home as home15_1_1_, contactdat1_.homepage as homepag16_1_1_, contactdat1_.lastname as lastnam17_1_1_, contactdat1_.middlename as middlen18_1_1_, contactdat1_.mobile as mobile19_1_1_, contactdat1_.nickname as nicknam20_1_1_, contactdat1_.photo as photo21_1_1_, contactdat1_.address2 as address22_1_1_, contactdat1_.notes as notes23_1_1_, contactdat1_.phone2 as phone24_1_1_, contactdat1_.title as title25_1_1_, contactdat1_.work as work26_1_1_ from address_in_groups contacts0_ inner join addressbook contactdat1_ on contacts0_.id=contactdat1_.id where contacts0_.group_id=?
Hibernate: select contacts0_.group_id as group_id2_0_0_, contacts0_.id as id1_0_0_, contactdat1_.id as id1_1_1_, contactdat1_.address as address2_1_1_, contactdat1_.aday as aday3_1_1_, contactdat1_.amonth as amonth4_1_1_, contactdat1_.ayear as ayear5_1_1_, contactdat1_.bday as bday6_1_1_, contactdat1_.bmonth as bmonth7_1_1_, contactdat1_.byear as byear8_1_1_, contactdat1_.company as company9_1_1_, contactdat1_.email as email10_1_1_, contactdat1_.email2 as email11_1_1_, contactdat1_.email3 as email12_1_1_, contactdat1_.fax as fax13_1_1_, contactdat1_.firstname as firstna14_1_1_, contactdat1_.home as home15_1_1_, contactdat1_.homepage as homepag16_1_1_, contactdat1_.lastname as lastnam17_1_1_, contactdat1_.middlename as middlen18_1_1_, contactdat1_.mobile as mobile19_1_1_, contactdat1_.nickname as nicknam20_1_1_, contactdat1_.photo as photo21_1_1_, contactdat1_.address2 as address22_1_1_, contactdat1_.notes as notes23_1_1_, contactdat1_.phone2 as phone24_1_1_, contactdat1_.title as title25_1_1_, contactdat1_.work as work26_1_1_ from address_in_groups contacts0_ inner join addressbook contactdat1_ on contacts0_.id=contactdat1_.id where contacts0_.group_id=?
Hibernate: select contacts0_.group_id as group_id2_0_0_, contacts0_.id as id1_0_0_, contactdat1_.id as id1_1_1_, contactdat1_.address as address2_1_1_, contactdat1_.aday as aday3_1_1_, contactdat1_.amonth as amonth4_1_1_, contactdat1_.ayear as ayear5_1_1_, contactdat1_.bday as bday6_1_1_, contactdat1_.bmonth as bmonth7_1_1_, contactdat1_.byear as byear8_1_1_, contactdat1_.company as company9_1_1_, contactdat1_.email as email10_1_1_, contactdat1_.email2 as email11_1_1_, contactdat1_.email3 as email12_1_1_, contactdat1_.fax as fax13_1_1_, contactdat1_.firstname as firstna14_1_1_, contactdat1_.home as home15_1_1_, contactdat1_.homepage as homepag16_1_1_, contactdat1_.lastname as lastnam17_1_1_, contactdat1_.middlename as middlen18_1_1_, contactdat1_.mobile as mobile19_1_1_, contactdat1_.nickname as nicknam20_1_1_, contactdat1_.photo as photo21_1_1_, contactdat1_.address2 as address22_1_1_, contactdat1_.notes as notes23_1_1_, contactdat1_.phone2 as phone24_1_1_, contactdat1_.title as title25_1_1_, contactdat1_.work as work26_1_1_ from address_in_groups contacts0_ inner join addressbook contactdat1_ on contacts0_.id=contactdat1_.id where contacts0_.group_id=?
Hibernate: select groupdata0_.group_id as group_id1_2_, groupdata0_.group_footer as group_fo2_2_, groupdata0_.group_header as group_he3_2_, groupdata0_.group_name as group_na4_2_ from group_list groupdata0_
Hibernate: select contacts0_.group_id as group_id2_0_0_, contacts0_.id as id1_0_0_, contactdat1_.id as id1_1_1_, contactdat1_.address as address2_1_1_, contactdat1_.aday as aday3_1_1_, contactdat1_.amonth as amonth4_1_1_, contactdat1_.ayear as ayear5_1_1_, contactdat1_.bday as bday6_1_1_, contactdat1_.bmonth as bmonth7_1_1_, contactdat1_.byear as byear8_1_1_, contactdat1_.company as company9_1_1_, contactdat1_.email as email10_1_1_, contactdat1_.email2 as email11_1_1_, contactdat1_.email3 as email12_1_1_, contactdat1_.fax as fax13_1_1_, contactdat1_.firstname as firstna14_1_1_, contactdat1_.home as home15_1_1_, contactdat1_.homepage as homepag16_1_1_, contactdat1_.lastname as lastnam17_1_1_, contactdat1_.middlename as middlen18_1_1_, contactdat1_.mobile as mobile19_1_1_, contactdat1_.nickname as nicknam20_1_1_, contactdat1_.photo as photo21_1_1_, contactdat1_.address2 as address22_1_1_, contactdat1_.notes as notes23_1_1_, contactdat1_.phone2 as phone24_1_1_, contactdat1_.title as title25_1_1_, contactdat1_.work as work26_1_1_ from address_in_groups contacts0_ inner join addressbook contactdat1_ on contacts0_.id=contactdat1_.id where contacts0_.group_id=?
Hibernate: select contacts0_.group_id as group_id2_0_0_, contacts0_.id as id1_0_0_, contactdat1_.id as id1_1_1_, contactdat1_.address as address2_1_1_, contactdat1_.aday as aday3_1_1_, contactdat1_.amonth as amonth4_1_1_, contactdat1_.ayear as ayear5_1_1_, contactdat1_.bday as bday6_1_1_, contactdat1_.bmonth as bmonth7_1_1_, contactdat1_.byear as byear8_1_1_, contactdat1_.company as company9_1_1_, contactdat1_.email as email10_1_1_, contactdat1_.email2 as email11_1_1_, contactdat1_.email3 as email12_1_1_, contactdat1_.fax as fax13_1_1_, contactdat1_.firstname as firstna14_1_1_, contactdat1_.home as home15_1_1_, contactdat1_.homepage as homepag16_1_1_, contactdat1_.lastname as lastnam17_1_1_, contactdat1_.middlename as middlen18_1_1_, contactdat1_.mobile as mobile19_1_1_, contactdat1_.nickname as nicknam20_1_1_, contactdat1_.photo as photo21_1_1_, contactdat1_.address2 as address22_1_1_, contactdat1_.notes as notes23_1_1_, contactdat1_.phone2 as phone24_1_1_, contactdat1_.title as title25_1_1_, contactdat1_.work as work26_1_1_ from address_in_groups contacts0_ inner join addressbook contactdat1_ on contacts0_.id=contactdat1_.id where contacts0_.group_id=?
Hibernate: select contacts0_.group_id as group_id2_0_0_, contacts0_.id as id1_0_0_, contactdat1_.id as id1_1_1_, contactdat1_.address as address2_1_1_, contactdat1_.aday as aday3_1_1_, contactdat1_.amonth as amonth4_1_1_, contactdat1_.ayear as ayear5_1_1_, contactdat1_.bday as bday6_1_1_, contactdat1_.bmonth as bmonth7_1_1_, contactdat1_.byear as byear8_1_1_, contactdat1_.company as company9_1_1_, contactdat1_.email as email10_1_1_, contactdat1_.email2 as email11_1_1_, contactdat1_.email3 as email12_1_1_, contactdat1_.fax as fax13_1_1_, contactdat1_.firstname as firstna14_1_1_, contactdat1_.home as home15_1_1_, contactdat1_.homepage as homepag16_1_1_, contactdat1_.lastname as lastnam17_1_1_, contactdat1_.middlename as middlen18_1_1_, contactdat1_.mobile as mobile19_1_1_, contactdat1_.nickname as nicknam20_1_1_, contactdat1_.photo as photo21_1_1_, contactdat1_.address2 as address22_1_1_, contactdat1_.notes as notes23_1_1_, contactdat1_.phone2 as phone24_1_1_, contactdat1_.title as title25_1_1_, contactdat1_.work as work26_1_1_ from address_in_groups contacts0_ inner join addressbook contactdat1_ on contacts0_.id=contactdat1_.id where contacts0_.group_id=?
Hibernate: select contacts0_.group_id as group_id2_0_0_, contacts0_.id as id1_0_0_, contactdat1_.id as id1_1_1_, contactdat1_.address as address2_1_1_, contactdat1_.aday as aday3_1_1_, contactdat1_.amonth as amonth4_1_1_, contactdat1_.ayear as ayear5_1_1_, contactdat1_.bday as bday6_1_1_, contactdat1_.bmonth as bmonth7_1_1_, contactdat1_.byear as byear8_1_1_, contactdat1_.company as company9_1_1_, contactdat1_.email as email10_1_1_, contactdat1_.email2 as email11_1_1_, contactdat1_.email3 as email12_1_1_, contactdat1_.fax as fax13_1_1_, contactdat1_.firstname as firstna14_1_1_, contactdat1_.home as home15_1_1_, contactdat1_.homepage as homepag16_1_1_, contactdat1_.lastname as lastnam17_1_1_, contactdat1_.middlename as middlen18_1_1_, contactdat1_.mobile as mobile19_1_1_, contactdat1_.nickname as nicknam20_1_1_, contactdat1_.photo as photo21_1_1_, contactdat1_.address2 as address22_1_1_, contactdat1_.notes as notes23_1_1_, contactdat1_.phone2 as phone24_1_1_, contactdat1_.title as title25_1_1_, contactdat1_.work as work26_1_1_ from address_in_groups contacts0_ inner join addressbook contactdat1_ on contacts0_.id=contactdat1_.id where contacts0_.group_id=?
Hibernate: select groupdata0_.group_id as group_id1_2_, groupdata0_.group_footer as group_fo2_2_, groupdata0_.group_header as group_he3_2_, groupdata0_.group_name as group_na4_2_ from group_list groupdata0_
Hibernate: select contacts0_.group_id as group_id2_0_0_, contacts0_.id as id1_0_0_, contactdat1_.id as id1_1_1_, contactdat1_.address as address2_1_1_, contactdat1_.aday as aday3_1_1_, contactdat1_.amonth as amonth4_1_1_, contactdat1_.ayear as ayear5_1_1_, contactdat1_.bday as bday6_1_1_, contactdat1_.bmonth as bmonth7_1_1_, contactdat1_.byear as byear8_1_1_, contactdat1_.company as company9_1_1_, contactdat1_.email as email10_1_1_, contactdat1_.email2 as email11_1_1_, contactdat1_.email3 as email12_1_1_, contactdat1_.fax as fax13_1_1_, contactdat1_.firstname as firstna14_1_1_, contactdat1_.home as home15_1_1_, contactdat1_.homepage as homepag16_1_1_, contactdat1_.lastname as lastnam17_1_1_, contactdat1_.middlename as middlen18_1_1_, contactdat1_.mobile as mobile19_1_1_, contactdat1_.nickname as nicknam20_1_1_, contactdat1_.photo as photo21_1_1_, contactdat1_.address2 as address22_1_1_, contactdat1_.notes as notes23_1_1_, contactdat1_.phone2 as phone24_1_1_, contactdat1_.title as title25_1_1_, contactdat1_.work as work26_1_1_ from address_in_groups contacts0_ inner join addressbook contactdat1_ on contacts0_.id=contactdat1_.id where contacts0_.group_id=?
Hibernate: select contacts0_.group_id as group_id2_0_0_, contacts0_.id as id1_0_0_, contactdat1_.id as id1_1_1_, contactdat1_.address as address2_1_1_, contactdat1_.aday as aday3_1_1_, contactdat1_.amonth as amonth4_1_1_, contactdat1_.ayear as ayear5_1_1_, contactdat1_.bday as bday6_1_1_, contactdat1_.bmonth as bmonth7_1_1_, contactdat1_.byear as byear8_1_1_, contactdat1_.company as company9_1_1_, contactdat1_.email as email10_1_1_, contactdat1_.email2 as email11_1_1_, contactdat1_.email3 as email12_1_1_, contactdat1_.fax as fax13_1_1_, contactdat1_.firstname as firstna14_1_1_, contactdat1_.home as home15_1_1_, contactdat1_.homepage as homepag16_1_1_, contactdat1_.lastname as lastnam17_1_1_, contactdat1_.middlename as middlen18_1_1_, contactdat1_.mobile as mobile19_1_1_, contactdat1_.nickname as nicknam20_1_1_, contactdat1_.photo as photo21_1_1_, contactdat1_.address2 as address22_1_1_, contactdat1_.notes as notes23_1_1_, contactdat1_.phone2 as phone24_1_1_, contactdat1_.title as title25_1_1_, contactdat1_.work as work26_1_1_ from address_in_groups contacts0_ inner join addressbook contactdat1_ on contacts0_.id=contactdat1_.id where contacts0_.group_id=?
Hibernate: select contacts0_.group_id as group_id2_0_0_, contacts0_.id as id1_0_0_, contactdat1_.id as id1_1_1_, contactdat1_.address as address2_1_1_, contactdat1_.aday as aday3_1_1_, contactdat1_.amonth as amonth4_1_1_, contactdat1_.ayear as ayear5_1_1_, contactdat1_.bday as bday6_1_1_, contactdat1_.bmonth as bmonth7_1_1_, contactdat1_.byear as byear8_1_1_, contactdat1_.company as company9_1_1_, contactdat1_.email as email10_1_1_, contactdat1_.email2 as email11_1_1_, contactdat1_.email3 as email12_1_1_, contactdat1_.fax as fax13_1_1_, contactdat1_.firstname as firstna14_1_1_, contactdat1_.home as home15_1_1_, contactdat1_.homepage as homepag16_1_1_, contactdat1_.lastname as lastnam17_1_1_, contactdat1_.middlename as middlen18_1_1_, contactdat1_.mobile as mobile19_1_1_, contactdat1_.nickname as nicknam20_1_1_, contactdat1_.photo as photo21_1_1_, contactdat1_.address2 as address22_1_1_, contactdat1_.notes as notes23_1_1_, contactdat1_.phone2 as phone24_1_1_, contactdat1_.title as title25_1_1_, contactdat1_.work as work26_1_1_ from address_in_groups contacts0_ inner join addressbook contactdat1_ on contacts0_.id=contactdat1_.id where contacts0_.group_id=?
Hibernate: select contacts0_.group_id as group_id2_0_0_, contacts0_.id as id1_0_0_, contactdat1_.id as id1_1_1_, contactdat1_.address as address2_1_1_, contactdat1_.aday as aday3_1_1_, contactdat1_.amonth as amonth4_1_1_, contactdat1_.ayear as ayear5_1_1_, contactdat1_.bday as bday6_1_1_, contactdat1_.bmonth as bmonth7_1_1_, contactdat1_.byear as byear8_1_1_, contactdat1_.company as company9_1_1_, contactdat1_.email as email10_1_1_, contactdat1_.email2 as email11_1_1_, contactdat1_.email3 as email12_1_1_, contactdat1_.fax as fax13_1_1_, contactdat1_.firstname as firstna14_1_1_, contactdat1_.home as home15_1_1_, contactdat1_.homepage as homepag16_1_1_, contactdat1_.lastname as lastnam17_1_1_, contactdat1_.middlename as middlen18_1_1_, contactdat1_.mobile as mobile19_1_1_, contactdat1_.nickname as nicknam20_1_1_, contactdat1_.photo as photo21_1_1_, contactdat1_.address2 as address22_1_1_, contactdat1_.notes as notes23_1_1_, contactdat1_.phone2 as phone24_1_1_, contactdat1_.title as title25_1_1_, contactdat1_.work as work26_1_1_ from address_in_groups contacts0_ inner join addressbook contactdat1_ on contacts0_.id=contactdat1_.id where contacts0_.group_id=?
Hibernate: select contacts0_.group_id as group_id2_0_0_, contacts0_.id as id1_0_0_, contactdat1_.id as id1_1_1_, contactdat1_.address as address2_1_1_, contactdat1_.aday as aday3_1_1_, contactdat1_.amonth as amonth4_1_1_, contactdat1_.ayear as ayear5_1_1_, contactdat1_.bday as bday6_1_1_, contactdat1_.bmonth as bmonth7_1_1_, contactdat1_.byear as byear8_1_1_, contactdat1_.company as company9_1_1_, contactdat1_.email as email10_1_1_, contactdat1_.email2 as email11_1_1_, contactdat1_.email3 as email12_1_1_, contactdat1_.fax as fax13_1_1_, contactdat1_.firstname as firstna14_1_1_, contactdat1_.home as home15_1_1_, contactdat1_.homepage as homepag16_1_1_, contactdat1_.lastname as lastnam17_1_1_, contactdat1_.middlename as middlen18_1_1_, contactdat1_.mobile as mobile19_1_1_, contactdat1_.nickname as nicknam20_1_1_, contactdat1_.photo as photo21_1_1_, contactdat1_.address2 as address22_1_1_, contactdat1_.notes as notes23_1_1_, contactdat1_.phone2 as phone24_1_1_, contactdat1_.title as title25_1_1_, contactdat1_.work as work26_1_1_ from address_in_groups contacts0_ inner join addressbook contactdat1_ on contacts0_.id=contactdat1_.id where contacts0_.group_id=?
Hibernate: select groupdata0_.group_id as group_id1_2_, groupdata0_.group_footer as group_fo2_2_, groupdata0_.group_header as group_he3_2_, groupdata0_.group_name as group_na4_2_ from group_list groupdata0_
Hibernate: select contacts0_.group_id as group_id2_0_0_, contacts0_.id as id1_0_0_, contactdat1_.id as id1_1_1_, contactdat1_.address as address2_1_1_, contactdat1_.aday as aday3_1_1_, contactdat1_.amonth as amonth4_1_1_, contactdat1_.ayear as ayear5_1_1_, contactdat1_.bday as bday6_1_1_, contactdat1_.bmonth as bmonth7_1_1_, contactdat1_.byear as byear8_1_1_, contactdat1_.company as company9_1_1_, contactdat1_.email as email10_1_1_, contactdat1_.email2 as email11_1_1_, contactdat1_.email3 as email12_1_1_, contactdat1_.fax as fax13_1_1_, contactdat1_.firstname as firstna14_1_1_, contactdat1_.home as home15_1_1_, contactdat1_.homepage as homepag16_1_1_, contactdat1_.lastname as lastnam17_1_1_, contactdat1_.middlename as middlen18_1_1_, contactdat1_.mobile as mobile19_1_1_, contactdat1_.nickname as nicknam20_1_1_, contactdat1_.photo as photo21_1_1_, contactdat1_.address2 as address22_1_1_, contactdat1_.notes as notes23_1_1_, contactdat1_.phone2 as phone24_1_1_, contactdat1_.title as title25_1_1_, contactdat1_.work as work26_1_1_ from address_in_groups contacts0_ inner join addressbook contactdat1_ on contacts0_.id=contactdat1_.id where contacts0_.group_id=?
Hibernate: select contacts0_.group_id as group_id2_0_0_, contacts0_.id as id1_0_0_, contactdat1_.id as id1_1_1_, contactdat1_.address as address2_1_1_, contactdat1_.aday as aday3_1_1_, contactdat1_.amonth as amonth4_1_1_, contactdat1_.ayear as ayear5_1_1_, contactdat1_.bday as bday6_1_1_, contactdat1_.bmonth as bmonth7_1_1_, contactdat1_.byear as byear8_1_1_, contactdat1_.company as company9_1_1_, contactdat1_.email as email10_1_1_, contactdat1_.email2 as email11_1_1_, contactdat1_.email3 as email12_1_1_, contactdat1_.fax as fax13_1_1_, contactdat1_.firstname as firstna14_1_1_, contactdat1_.home as home15_1_1_, contactdat1_.homepage as homepag16_1_1_, contactdat1_.lastname as lastnam17_1_1_, contactdat1_.middlename as middlen18_1_1_, contactdat1_.mobile as mobile19_1_1_, contactdat1_.nickname as nicknam20_1_1_, contactdat1_.photo as photo21_1_1_, contactdat1_.address2 as address22_1_1_, contactdat1_.notes as notes23_1_1_, contactdat1_.phone2 as phone24_1_1_, contactdat1_.title as title25_1_1_, contactdat1_.work as work26_1_1_ from address_in_groups contacts0_ inner join addressbook contactdat1_ on contacts0_.id=contactdat1_.id where contacts0_.group_id=?
Hibernate: select contacts0_.group_id as group_id2_0_0_, contacts0_.id as id1_0_0_, contactdat1_.id as id1_1_1_, contactdat1_.address as address2_1_1_, contactdat1_.aday as aday3_1_1_, contactdat1_.amonth as amonth4_1_1_, contactdat1_.ayear as ayear5_1_1_, contactdat1_.bday as bday6_1_1_, contactdat1_.bmonth as bmonth7_1_1_, contactdat1_.byear as byear8_1_1_, contactdat1_.company as company9_1_1_, contactdat1_.email as email10_1_1_, contactdat1_.email2 as email11_1_1_, contactdat1_.email3 as email12_1_1_, contactdat1_.fax as fax13_1_1_, contactdat1_.firstname as firstna14_1_1_, contactdat1_.home as home15_1_1_, contactdat1_.homepage as homepag16_1_1_, contactdat1_.lastname as lastnam17_1_1_, contactdat1_.middlename as middlen18_1_1_, contactdat1_.mobile as mobile19_1_1_, contactdat1_.nickname as nicknam20_1_1_, contactdat1_.photo as photo21_1_1_, contactdat1_.address2 as address22_1_1_, contactdat1_.notes as notes23_1_1_, contactdat1_.phone2 as phone24_1_1_, contactdat1_.title as title25_1_1_, contactdat1_.work as work26_1_1_ from address_in_groups contacts0_ inner join addressbook contactdat1_ on contacts0_.id=contactdat1_.id where contacts0_.group_id=?
Hibernate: select contacts0_.group_id as group_id2_0_0_, contacts0_.id as id1_0_0_, contactdat1_.id as id1_1_1_, contactdat1_.address as address2_1_1_, contactdat1_.aday as aday3_1_1_, contactdat1_.amonth as amonth4_1_1_, contactdat1_.ayear as ayear5_1_1_, contactdat1_.bday as bday6_1_1_, contactdat1_.bmonth as bmonth7_1_1_, contactdat1_.byear as byear8_1_1_, contactdat1_.company as company9_1_1_, contactdat1_.email as email10_1_1_, contactdat1_.email2 as email11_1_1_, contactdat1_.email3 as email12_1_1_, contactdat1_.fax as fax13_1_1_, contactdat1_.firstname as firstna14_1_1_, contactdat1_.home as home15_1_1_, contactdat1_.homepage as homepag16_1_1_, contactdat1_.lastname as lastnam17_1_1_, contactdat1_.middlename as middlen18_1_1_, contactdat1_.mobile as mobile19_1_1_, contactdat1_.nickname as nicknam20_1_1_, contactdat1_.photo as photo21_1_1_, contactdat1_.address2 as address22_1_1_, contactdat1_.notes as notes23_1_1_, contactdat1_.phone2 as phone24_1_1_, contactdat1_.title as title25_1_1_, contactdat1_.work as work26_1_1_ from address_in_groups contacts0_ inner join addressbook contactdat1_ on contacts0_.id=contactdat1_.id where contacts0_.group_id=?
Hibernate: select contacts0_.group_id as group_id2_0_0_, contacts0_.id as id1_0_0_, contactdat1_.id as id1_1_1_, contactdat1_.address as address2_1_1_, contactdat1_.aday as aday3_1_1_, contactdat1_.amonth as amonth4_1_1_, contactdat1_.ayear as ayear5_1_1_, contactdat1_.bday as bday6_1_1_, contactdat1_.bmonth as bmonth7_1_1_, contactdat1_.byear as byear8_1_1_, contactdat1_.company as company9_1_1_, contactdat1_.email as email10_1_1_, contactdat1_.email2 as email11_1_1_, contactdat1_.email3 as email12_1_1_, contactdat1_.fax as fax13_1_1_, contactdat1_.firstname as firstna14_1_1_, contactdat1_.home as home15_1_1_, contactdat1_.homepage as homepag16_1_1_, contactdat1_.lastname as lastnam17_1_1_, contactdat1_.middlename as middlen18_1_1_, contactdat1_.mobile as mobile19_1_1_, contactdat1_.nickname as nicknam20_1_1_, contactdat1_.photo as photo21_1_1_, contactdat1_.address2 as address22_1_1_, contactdat1_.notes as notes23_1_1_, contactdat1_.phone2 as phone24_1_1_, contactdat1_.title as title25_1_1_, contactdat1_.work as work26_1_1_ from address_in_groups contacts0_ inner join addressbook contactdat1_ on contacts0_.id=contactdat1_.id where contacts0_.group_id=?
]]></system-out>
  <system-err><![CDATA[Oct 09, 2017 5:23:56 PM org.hibernate.hql.internal.QueryTranslatorFactoryInitiator initiateService
INFO: HHH000397: Using ASTQueryTranslatorFactory
]]></system-err>
</testsuite>
