<?xml version="1.0" encoding="UTF-8"?>
<testsuite name="ru.anatoli.addressbook.tests.ContactAllDeletionTests" tests="3" skipped="0" failures="1" errors="0" timestamp="2017-10-09T14:29:35" hostname="aanukevich" time="31.226">
  <properties/>
  <testcase name="testContactAllDeletion" classname="ru.anatoli.addressbook.tests.ContactAllDeletionTests" time="1.898"/>
  <testcase name="testContactDeletionAllCancel" classname="ru.anatoli.addressbook.tests.ContactAllDeletionTests" time="2.698"/>
  <testcase name="testContactDeletionAllWithoutSelection" classname="ru.anatoli.addressbook.tests.ContactAllDeletionTests" time="0.832">
    <failure message="java.lang.AssertionError: expected [0] but found [3]" type="java.lang.AssertionError">java.lang.AssertionError: expected [0] but found [3]
	at org.testng.Assert.fail(Assert.java:93)
	at org.testng.Assert.failNotEquals(Assert.java:512)
	at org.testng.Assert.assertEqualsImpl(Assert.java:134)
	at org.testng.Assert.assertEquals(Assert.java:115)
	at org.testng.Assert.assertEquals(Assert.java:388)
	at org.testng.Assert.assertEquals(Assert.java:398)
	at ru.anatoli.addressbook.tests.ContactAllDeletionTests.testContactDeletionAllWithoutSelection(ContactAllDeletionTests.java:81)
	at sun.reflect.NativeMethodAccessorImpl.invoke0(Native Method)
	at sun.reflect.NativeMethodAccessorImpl.invoke(NativeMethodAccessorImpl.java:62)
	at sun.reflect.DelegatingMethodAccessorImpl.invoke(DelegatingMethodAccessorImpl.java:43)
	at java.lang.reflect.Method.invoke(Method.java:498)
	at org.testng.internal.MethodInvocationHelper.invokeMethod(MethodInvocationHelper.java:108)
	at org.testng.internal.Invoker.invokeMethod(Invoker.java:661)
	at org.testng.internal.Invoker.invokeTestMethod(Invoker.java:869)
	at org.testng.internal.Invoker.invokeTestMethods(Invoker.java:1193)
	at org.testng.internal.TestMethodWorker.invokeTestMethods(TestMethodWorker.java:126)
	at org.testng.internal.TestMethodWorker.run(TestMethodWorker.java:109)
	at org.testng.TestRunner.privateRun(TestRunner.java:744)
	at org.testng.TestRunner.run(TestRunner.java:602)
	at org.testng.SuiteRunner.runTest(SuiteRunner.java:380)
	at org.testng.SuiteRunner.runSequentially(SuiteRunner.java:375)
	at org.testng.SuiteRunner.privateRun(SuiteRunner.java:340)
	at org.testng.SuiteRunner.run(SuiteRunner.java:289)
	at org.testng.SuiteRunnerWorker.runSuite(SuiteRunnerWorker.java:52)
	at org.testng.SuiteRunnerWorker.run(SuiteRunnerWorker.java:86)
	at org.testng.TestNG.runSuitesSequentially(TestNG.java:1301)
	at org.testng.TestNG.runSuitesLocally(TestNG.java:1226)
	at org.testng.TestNG.runSuites(TestNG.java:1144)
	at org.testng.TestNG.run(TestNG.java:1115)
	at org.gradle.api.internal.tasks.testing.testng.TestNGTestClassProcessor.runTests(TestNGTestClassProcessor.java:129)
	at org.gradle.api.internal.tasks.testing.testng.TestNGTestClassProcessor.stop(TestNGTestClassProcessor.java:88)
	at org.gradle.api.internal.tasks.testing.SuiteTestClassProcessor.stop(SuiteTestClassProcessor.java:61)
	at sun.reflect.NativeMethodAccessorImpl.invoke0(Native Method)
	at sun.reflect.NativeMethodAccessorImpl.invoke(NativeMethodAccessorImpl.java:62)
	at sun.reflect.DelegatingMethodAccessorImpl.invoke(DelegatingMethodAccessorImpl.java:43)
	at java.lang.reflect.Method.invoke(Method.java:498)
	at org.gradle.internal.dispatch.ReflectionDispatch.dispatch(ReflectionDispatch.java:35)
	at org.gradle.internal.dispatch.ReflectionDispatch.dispatch(ReflectionDispatch.java:24)
	at org.gradle.internal.dispatch.ContextClassLoaderDispatch.dispatch(ContextClassLoaderDispatch.java:32)
	at org.gradle.internal.dispatch.ProxyDispatchAdapter$DispatchingInvocationHandler.invoke(ProxyDispatchAdapter.java:93)
	at com.sun.proxy.$Proxy3.stop(Unknown Source)
	at org.gradle.api.internal.tasks.testing.worker.TestWorker.stop(TestWorker.java:120)
	at sun.reflect.NativeMethodAccessorImpl.invoke0(Native Method)
	at sun.reflect.NativeMethodAccessorImpl.invoke(NativeMethodAccessorImpl.java:62)
	at sun.reflect.DelegatingMethodAccessorImpl.invoke(DelegatingMethodAccessorImpl.java:43)
	at java.lang.reflect.Method.invoke(Method.java:498)
	at org.gradle.internal.dispatch.ReflectionDispatch.dispatch(ReflectionDispatch.java:35)
	at org.gradle.internal.dispatch.ReflectionDispatch.dispatch(ReflectionDispatch.java:24)
	at org.gradle.internal.remote.internal.hub.MessageHubBackedObjectConnection$DispatchWrapper.dispatch(MessageHubBackedObjectConnection.java:147)
	at org.gradle.internal.remote.internal.hub.MessageHubBackedObjectConnection$DispatchWrapper.dispatch(MessageHubBackedObjectConnection.java:129)
	at org.gradle.internal.remote.internal.hub.MessageHub$Handler.run(MessageHub.java:404)
	at org.gradle.internal.concurrent.ExecutorPolicy$CatchAndRecordFailures.onExecute(ExecutorPolicy.java:63)
	at org.gradle.internal.concurrent.StoppableExecutorImpl$1.run(StoppableExecutorImpl.java:46)
	at java.util.concurrent.ThreadPoolExecutor.runWorker(ThreadPoolExecutor.java:1149)
	at java.util.concurrent.ThreadPoolExecutor$Worker.run(ThreadPoolExecutor.java:624)
	at java.lang.Thread.run(Thread.java:748)
</failure>
  </testcase>
  <system-out><![CDATA[Hibernate: select contactdat0_.id as id1_1_, contactdat0_.address as address2_1_, contactdat0_.aday as aday3_1_, contactdat0_.amonth as amonth4_1_, contactdat0_.ayear as ayear5_1_, contactdat0_.bday as bday6_1_, contactdat0_.bmonth as bmonth7_1_, contactdat0_.byear as byear8_1_, contactdat0_.company as company9_1_, contactdat0_.email as email10_1_, contactdat0_.email2 as email11_1_, contactdat0_.email3 as email12_1_, contactdat0_.fax as fax13_1_, contactdat0_.firstname as firstna14_1_, contactdat0_.home as home15_1_, contactdat0_.homepage as homepag16_1_, contactdat0_.lastname as lastnam17_1_, contactdat0_.middlename as middlen18_1_, contactdat0_.mobile as mobile19_1_, contactdat0_.nickname as nicknam20_1_, contactdat0_.photo as photo21_1_, contactdat0_.address2 as address22_1_, contactdat0_.notes as notes23_1_, contactdat0_.phone2 as phone24_1_, contactdat0_.title as title25_1_, contactdat0_.work as work26_1_ from addressbook contactdat0_ where deprecated='0000-00-00 00:00:00'
Hibernate: select contactdat0_.id as id1_1_, contactdat0_.address as address2_1_, contactdat0_.aday as aday3_1_, contactdat0_.amonth as amonth4_1_, contactdat0_.ayear as ayear5_1_, contactdat0_.bday as bday6_1_, contactdat0_.bmonth as bmonth7_1_, contactdat0_.byear as byear8_1_, contactdat0_.company as company9_1_, contactdat0_.email as email10_1_, contactdat0_.email2 as email11_1_, contactdat0_.email3 as email12_1_, contactdat0_.fax as fax13_1_, contactdat0_.firstname as firstna14_1_, contactdat0_.home as home15_1_, contactdat0_.homepage as homepag16_1_, contactdat0_.lastname as lastnam17_1_, contactdat0_.middlename as middlen18_1_, contactdat0_.mobile as mobile19_1_, contactdat0_.nickname as nicknam20_1_, contactdat0_.photo as photo21_1_, contactdat0_.address2 as address22_1_, contactdat0_.notes as notes23_1_, contactdat0_.phone2 as phone24_1_, contactdat0_.title as title25_1_, contactdat0_.work as work26_1_ from addressbook contactdat0_ where deprecated='0000-00-00 00:00:00'
Hibernate: select contactdat0_.id as id1_1_, contactdat0_.address as address2_1_, contactdat0_.aday as aday3_1_, contactdat0_.amonth as amonth4_1_, contactdat0_.ayear as ayear5_1_, contactdat0_.bday as bday6_1_, contactdat0_.bmonth as bmonth7_1_, contactdat0_.byear as byear8_1_, contactdat0_.company as company9_1_, contactdat0_.email as email10_1_, contactdat0_.email2 as email11_1_, contactdat0_.email3 as email12_1_, contactdat0_.fax as fax13_1_, contactdat0_.firstname as firstna14_1_, contactdat0_.home as home15_1_, contactdat0_.homepage as homepag16_1_, contactdat0_.lastname as lastnam17_1_, contactdat0_.middlename as middlen18_1_, contactdat0_.mobile as mobile19_1_, contactdat0_.nickname as nicknam20_1_, contactdat0_.photo as photo21_1_, contactdat0_.address2 as address22_1_, contactdat0_.notes as notes23_1_, contactdat0_.phone2 as phone24_1_, contactdat0_.title as title25_1_, contactdat0_.work as work26_1_ from addressbook contactdat0_ where deprecated='0000-00-00 00:00:00'
Hibernate: select groups0_.id as id1_0_0_, groups0_.group_id as group_id2_0_0_, groupdata1_.group_id as group_id1_2_1_, groupdata1_.group_footer as group_fo2_2_1_, groupdata1_.group_header as group_he3_2_1_, groupdata1_.group_name as group_na4_2_1_ from address_in_groups groups0_ inner join group_list groupdata1_ on groups0_.group_id=groupdata1_.group_id where groups0_.id=?
Hibernate: select groups0_.id as id1_0_0_, groups0_.group_id as group_id2_0_0_, groupdata1_.group_id as group_id1_2_1_, groupdata1_.group_footer as group_fo2_2_1_, groupdata1_.group_header as group_he3_2_1_, groupdata1_.group_name as group_na4_2_1_ from address_in_groups groups0_ inner join group_list groupdata1_ on groups0_.group_id=groupdata1_.group_id where groups0_.id=?
Hibernate: select groups0_.id as id1_0_0_, groups0_.group_id as group_id2_0_0_, groupdata1_.group_id as group_id1_2_1_, groupdata1_.group_footer as group_fo2_2_1_, groupdata1_.group_header as group_he3_2_1_, groupdata1_.group_name as group_na4_2_1_ from address_in_groups groups0_ inner join group_list groupdata1_ on groups0_.group_id=groupdata1_.group_id where groups0_.id=?
Hibernate: select contactdat0_.id as id1_1_, contactdat0_.address as address2_1_, contactdat0_.aday as aday3_1_, contactdat0_.amonth as amonth4_1_, contactdat0_.ayear as ayear5_1_, contactdat0_.bday as bday6_1_, contactdat0_.bmonth as bmonth7_1_, contactdat0_.byear as byear8_1_, contactdat0_.company as company9_1_, contactdat0_.email as email10_1_, contactdat0_.email2 as email11_1_, contactdat0_.email3 as email12_1_, contactdat0_.fax as fax13_1_, contactdat0_.firstname as firstna14_1_, contactdat0_.home as home15_1_, contactdat0_.homepage as homepag16_1_, contactdat0_.lastname as lastnam17_1_, contactdat0_.middlename as middlen18_1_, contactdat0_.mobile as mobile19_1_, contactdat0_.nickname as nicknam20_1_, contactdat0_.photo as photo21_1_, contactdat0_.address2 as address22_1_, contactdat0_.notes as notes23_1_, contactdat0_.phone2 as phone24_1_, contactdat0_.title as title25_1_, contactdat0_.work as work26_1_ from addressbook contactdat0_ where deprecated='0000-00-00 00:00:00'
Hibernate: select groups0_.id as id1_0_0_, groups0_.group_id as group_id2_0_0_, groupdata1_.group_id as group_id1_2_1_, groupdata1_.group_footer as group_fo2_2_1_, groupdata1_.group_header as group_he3_2_1_, groupdata1_.group_name as group_na4_2_1_ from address_in_groups groups0_ inner join group_list groupdata1_ on groups0_.group_id=groupdata1_.group_id where groups0_.id=?
Hibernate: select groups0_.id as id1_0_0_, groups0_.group_id as group_id2_0_0_, groupdata1_.group_id as group_id1_2_1_, groupdata1_.group_footer as group_fo2_2_1_, groupdata1_.group_header as group_he3_2_1_, groupdata1_.group_name as group_na4_2_1_ from address_in_groups groups0_ inner join group_list groupdata1_ on groups0_.group_id=groupdata1_.group_id where groups0_.id=?
Hibernate: select groups0_.id as id1_0_0_, groups0_.group_id as group_id2_0_0_, groupdata1_.group_id as group_id1_2_1_, groupdata1_.group_footer as group_fo2_2_1_, groupdata1_.group_header as group_he3_2_1_, groupdata1_.group_name as group_na4_2_1_ from address_in_groups groups0_ inner join group_list groupdata1_ on groups0_.group_id=groupdata1_.group_id where groups0_.id=?
Hibernate: select contactdat0_.id as id1_1_, contactdat0_.address as address2_1_, contactdat0_.aday as aday3_1_, contactdat0_.amonth as amonth4_1_, contactdat0_.ayear as ayear5_1_, contactdat0_.bday as bday6_1_, contactdat0_.bmonth as bmonth7_1_, contactdat0_.byear as byear8_1_, contactdat0_.company as company9_1_, contactdat0_.email as email10_1_, contactdat0_.email2 as email11_1_, contactdat0_.email3 as email12_1_, contactdat0_.fax as fax13_1_, contactdat0_.firstname as firstna14_1_, contactdat0_.home as home15_1_, contactdat0_.homepage as homepag16_1_, contactdat0_.lastname as lastnam17_1_, contactdat0_.middlename as middlen18_1_, contactdat0_.mobile as mobile19_1_, contactdat0_.nickname as nicknam20_1_, contactdat0_.photo as photo21_1_, contactdat0_.address2 as address22_1_, contactdat0_.notes as notes23_1_, contactdat0_.phone2 as phone24_1_, contactdat0_.title as title25_1_, contactdat0_.work as work26_1_ from addressbook contactdat0_ where deprecated='0000-00-00 00:00:00'
Hibernate: select groups0_.id as id1_0_0_, groups0_.group_id as group_id2_0_0_, groupdata1_.group_id as group_id1_2_1_, groupdata1_.group_footer as group_fo2_2_1_, groupdata1_.group_header as group_he3_2_1_, groupdata1_.group_name as group_na4_2_1_ from address_in_groups groups0_ inner join group_list groupdata1_ on groups0_.group_id=groupdata1_.group_id where groups0_.id=?
Hibernate: select groups0_.id as id1_0_0_, groups0_.group_id as group_id2_0_0_, groupdata1_.group_id as group_id1_2_1_, groupdata1_.group_footer as group_fo2_2_1_, groupdata1_.group_header as group_he3_2_1_, groupdata1_.group_name as group_na4_2_1_ from address_in_groups groups0_ inner join group_list groupdata1_ on groups0_.group_id=groupdata1_.group_id where groups0_.id=?
Hibernate: select groups0_.id as id1_0_0_, groups0_.group_id as group_id2_0_0_, groupdata1_.group_id as group_id1_2_1_, groupdata1_.group_footer as group_fo2_2_1_, groupdata1_.group_header as group_he3_2_1_, groupdata1_.group_name as group_na4_2_1_ from address_in_groups groups0_ inner join group_list groupdata1_ on groups0_.group_id=groupdata1_.group_id where groups0_.id=?
Hibernate: select contactdat0_.id as id1_1_, contactdat0_.address as address2_1_, contactdat0_.aday as aday3_1_, contactdat0_.amonth as amonth4_1_, contactdat0_.ayear as ayear5_1_, contactdat0_.bday as bday6_1_, contactdat0_.bmonth as bmonth7_1_, contactdat0_.byear as byear8_1_, contactdat0_.company as company9_1_, contactdat0_.email as email10_1_, contactdat0_.email2 as email11_1_, contactdat0_.email3 as email12_1_, contactdat0_.fax as fax13_1_, contactdat0_.firstname as firstna14_1_, contactdat0_.home as home15_1_, contactdat0_.homepage as homepag16_1_, contactdat0_.lastname as lastnam17_1_, contactdat0_.middlename as middlen18_1_, contactdat0_.mobile as mobile19_1_, contactdat0_.nickname as nicknam20_1_, contactdat0_.photo as photo21_1_, contactdat0_.address2 as address22_1_, contactdat0_.notes as notes23_1_, contactdat0_.phone2 as phone24_1_, contactdat0_.title as title25_1_, contactdat0_.work as work26_1_ from addressbook contactdat0_ where deprecated='0000-00-00 00:00:00'
Hibernate: select groups0_.id as id1_0_0_, groups0_.group_id as group_id2_0_0_, groupdata1_.group_id as group_id1_2_1_, groupdata1_.group_footer as group_fo2_2_1_, groupdata1_.group_header as group_he3_2_1_, groupdata1_.group_name as group_na4_2_1_ from address_in_groups groups0_ inner join group_list groupdata1_ on groups0_.group_id=groupdata1_.group_id where groups0_.id=?
Hibernate: select groups0_.id as id1_0_0_, groups0_.group_id as group_id2_0_0_, groupdata1_.group_id as group_id1_2_1_, groupdata1_.group_footer as group_fo2_2_1_, groupdata1_.group_header as group_he3_2_1_, groupdata1_.group_name as group_na4_2_1_ from address_in_groups groups0_ inner join group_list groupdata1_ on groups0_.group_id=groupdata1_.group_id where groups0_.id=?
Hibernate: select groups0_.id as id1_0_0_, groups0_.group_id as group_id2_0_0_, groupdata1_.group_id as group_id1_2_1_, groupdata1_.group_footer as group_fo2_2_1_, groupdata1_.group_header as group_he3_2_1_, groupdata1_.group_name as group_na4_2_1_ from address_in_groups groups0_ inner join group_list groupdata1_ on groups0_.group_id=groupdata1_.group_id where groups0_.id=?
Hibernate: select contactdat0_.id as id1_1_, contactdat0_.address as address2_1_, contactdat0_.aday as aday3_1_, contactdat0_.amonth as amonth4_1_, contactdat0_.ayear as ayear5_1_, contactdat0_.bday as bday6_1_, contactdat0_.bmonth as bmonth7_1_, contactdat0_.byear as byear8_1_, contactdat0_.company as company9_1_, contactdat0_.email as email10_1_, contactdat0_.email2 as email11_1_, contactdat0_.email3 as email12_1_, contactdat0_.fax as fax13_1_, contactdat0_.firstname as firstna14_1_, contactdat0_.home as home15_1_, contactdat0_.homepage as homepag16_1_, contactdat0_.lastname as lastnam17_1_, contactdat0_.middlename as middlen18_1_, contactdat0_.mobile as mobile19_1_, contactdat0_.nickname as nicknam20_1_, contactdat0_.photo as photo21_1_, contactdat0_.address2 as address22_1_, contactdat0_.notes as notes23_1_, contactdat0_.phone2 as phone24_1_, contactdat0_.title as title25_1_, contactdat0_.work as work26_1_ from addressbook contactdat0_ where deprecated='0000-00-00 00:00:00'
]]></system-out>
  <system-err><![CDATA[]]></system-err>
</testsuite>
