<?xml version="1.0" encoding="UTF-8"?>
<testsuite name="ru.anatoli.addressbook.tests.ContactSearchTests" tests="1" skipped="0" failures="0" errors="0" timestamp="2017-10-09T15:20:26" hostname="aanukevich" time="8.241">
  <properties/>
  <testcase name="testContactSearchByRandomInfo" classname="ru.anatoli.addressbook.tests.ContactSearchTests" time="8.241"/>
  <system-out><![CDATA[]]></system-out>
  <system-err><![CDATA[]]></system-err>
</testsuite>
